-------------------------------------------------------------------------------
Test set: com.edu.VehicleManagementAppSpringBoot.testRepository.vehicleRepositoryTest
-------------------------------------------------------------------------------
Tests run: 5, Failures: 0, Errors: 4, Skipped: 0, Time elapsed: 0.102 s <<< FAILURE! - in com.edu.VehicleManagementAppSpringBoot.testRepository.vehicleRepositoryTest
updateVehicleTest  Time elapsed: 0.022 s  <<< ERROR!
java.util.NoSuchElementException: No value present
	at com.edu.VehicleManagementAppSpringBoot.testRepository.vehicleRepositoryTest.updateVehicleTest(vehicleRepositoryTest.java:51)

getVehicleTest  Time elapsed: 0.002 s  <<< ERROR!
java.util.NoSuchElementException: No value present
	at com.edu.VehicleManagementAppSpringBoot.testRepository.vehicleRepositoryTest.getVehicleTest(vehicleRepositoryTest.java:37)

deleteVehicleTest  Time elapsed: 0.017 s  <<< ERROR!
java.util.NoSuchElementException: No value present
	at com.edu.VehicleManagementAppSpringBoot.testRepository.vehicleRepositoryTest.deleteVehicleTest(vehicleRepositoryTest.java:61)

saveVehicleTest  Time elapsed: 0.023 s  <<< ERROR!
javax.validation.ConstraintViolationException: 
Validation failed for classes [com.edu.VehicleManagementAppSpringBoot.entity.Vehicle] during persist time for groups [javax.validation.groups.Default, ]
List of constraint violations:[
	ConstraintViolationImpl{interpolatedMessage='must not be null', propertyPath=type, rootBeanClass=class com.edu.VehicleManagementAppSpringBoot.entity.Vehicle, messageTemplate='{javax.validation.constraints.NotNull.message}'}
	ConstraintViolationImpl{interpolatedMessage='must not be null', propertyPath=registrationDate, rootBeanClass=class com.edu.VehicleManagementAppSpringBoot.entity.Vehicle, messageTemplate='{javax.validation.constraints.NotNull.message}'}
	ConstraintViolationImpl{interpolatedMessage='must not be null', propertyPath=plateNumber, rootBeanClass=class com.edu.VehicleManagementAppSpringBoot.entity.Vehicle, messageTemplate='{javax.validation.constraints.NotNull.message}'}
	ConstraintViolationImpl{interpolatedMessage='Plate Number can't be Empty', propertyPath=plateNumber, rootBeanClass=class com.edu.VehicleManagementAppSpringBoot.entity.Vehicle, messageTemplate='Plate Number can't be Empty'}
	ConstraintViolationImpl{interpolatedMessage='must not be null', propertyPath=previousPreDate, rootBeanClass=class com.edu.VehicleManagementAppSpringBoot.entity.Vehicle, messageTemplate='{javax.validation.constraints.NotNull.message}'}
	ConstraintViolationImpl{interpolatedMessage='Manufacturer can't be Empty', propertyPath=manufacturer, rootBeanClass=class com.edu.VehicleManagementAppSpringBoot.entity.Vehicle, messageTemplate='Manufacturer can't be Empty'}
	ConstraintViolationImpl{interpolatedMessage='must not be null', propertyPath=category, rootBeanClass=class com.edu.VehicleManagementAppSpringBoot.entity.Vehicle, messageTemplate='{javax.validation.constraints.NotNull.message}'}
	ConstraintViolationImpl{interpolatedMessage='Type can't be Empty', propertyPath=type, rootBeanClass=class com.edu.VehicleManagementAppSpringBoot.entity.Vehicle, messageTemplate='Type can't be Empty'}
	ConstraintViolationImpl{interpolatedMessage='must not be null', propertyPath=manufacturer, rootBeanClass=class com.edu.VehicleManagementAppSpringBoot.entity.Vehicle, messageTemplate='{javax.validation.constraints.NotNull.message}'}
	ConstraintViolationImpl{interpolatedMessage='must not be null', propertyPath=nextPreDate, rootBeanClass=class com.edu.VehicleManagementAppSpringBoot.entity.Vehicle, messageTemplate='{javax.validation.constraints.NotNull.message}'}
	ConstraintViolationImpl{interpolatedMessage='Category can't be Empty', propertyPath=category, rootBeanClass=class com.edu.VehicleManagementAppSpringBoot.entity.Vehicle, messageTemplate='Category can't be Empty'}
]
	at com.edu.VehicleManagementAppSpringBoot.testRepository.vehicleRepositoryTest.saveVehicleTest(vehicleRepositoryTest.java:29)

