<?xml version="1.0" encoding="UTF-8"?>
<testsuite xmlns:xsi="http://www.w3.org/2001/XMLSchema-instance" xsi:noNamespaceSchemaLocation="https://maven.apache.org/surefire/maven-surefire-plugin/xsd/surefire-test-report.xsd" name="com.edu.VehicleManagementAppSpringBoot.testRepository.userRepositoryTest" time="0.102" tests="5" errors="4" skipped="0" failures="0">
  <properties>
[...]
</properties>
  <testcase name="getUserListTest" classname="com.edu.VehicleManagementAppSpringBoot.testRepository.userRepositoryTest" time="0.001"/>
  <testcase name="saveUserTest" classname="com.edu.VehicleManagementAppSpringBoot.testRepository.userRepositoryTest" time="0.04">
    <error message="Validation failed for classes [com.edu.VehicleManagementAppSpringBoot.entity.User] during persist time for groups [javax.validation.groups.Default, ]&#10;List of constraint violations:[&#10;	ConstraintViolationImpl{interpolatedMessage=&apos;must not be null&apos;, propertyPath=password, rootBeanClass=class com.edu.VehicleManagementAppSpringBoot.entity.User, messageTemplate=&apos;{javax.validation.constraints.NotNull.message}&apos;}&#10;	ConstraintViolationImpl{interpolatedMessage=&apos;Contact number can&apos;t be Empty&apos;, propertyPath=contactNumber, rootBeanClass=class com.edu.VehicleManagementAppSpringBoot.entity.User, messageTemplate=&apos;Contact number can&apos;t be Empty&apos;}&#10;	ConstraintViolationImpl{interpolatedMessage=&apos;must not be null&apos;, propertyPath=lastName, rootBeanClass=class com.edu.VehicleManagementAppSpringBoot.entity.User, messageTemplate=&apos;{javax.validation.constraints.NotNull.message}&apos;}&#10;	ConstraintViolationImpl{interpolatedMessage=&apos;Password can&apos;t be Empty&apos;, propertyPath=password, rootBeanClass=class com.edu.VehicleManagementAppSpringBoot.entity.User, messageTemplate=&apos;Password can&apos;t be Empty&apos;}&#10;	ConstraintViolationImpl{interpolatedMessage=&apos;must not be null&apos;, propertyPath=address, rootBeanClass=class com.edu.VehicleManagementAppSpringBoot.entity.User, messageTemplate=&apos;{javax.validation.constraints.NotNull.message}&apos;}&#10;	ConstraintViolationImpl{interpolatedMessage=&apos;must not be null&apos;, propertyPath=contactNumber, rootBeanClass=class com.edu.VehicleManagementAppSpringBoot.entity.User, messageTemplate=&apos;{javax.validation.constraints.NotNull.message}&apos;}&#10;	ConstraintViolationImpl{interpolatedMessage=&apos;Address can&apos;t be Empty&apos;, propertyPath=address, rootBeanClass=class com.edu.VehicleManagementAppSpringBoot.entity.User, messageTemplate=&apos;Address can&apos;t be Empty&apos;}&#10;	ConstraintViolationImpl{interpolatedMessage=&apos;nationality can&apos;t be Empty&apos;, propertyPath=nationality, rootBeanClass=class com.edu.VehicleManagementAppSpringBoot.entity.User, messageTemplate=&apos;nationality can&apos;t be Empty&apos;}&#10;	ConstraintViolationImpl{interpolatedMessage=&apos;must not be null&apos;, propertyPath=licenceNumber, rootBeanClass=class com.edu.VehicleManagementAppSpringBoot.entity.User, messageTemplate=&apos;{javax.validation.constraints.NotNull.message}&apos;}&#10;	ConstraintViolationImpl{interpolatedMessage=&apos;must not be null&apos;, propertyPath=gender, rootBeanClass=class com.edu.VehicleManagementAppSpringBoot.entity.User, messageTemplate=&apos;{javax.validation.constraints.NotNull.message}&apos;}&#10;	ConstraintViolationImpl{interpolatedMessage=&apos;must not be null&apos;, propertyPath=nationality, rootBeanClass=class com.edu.VehicleManagementAppSpringBoot.entity.User, messageTemplate=&apos;{javax.validation.constraints.NotNull.message}&apos;}&#10;	ConstraintViolationImpl{interpolatedMessage=&apos;must not be blank&apos;, propertyPath=gender, rootBeanClass=class com.edu.VehicleManagementAppSpringBoot.entity.User, messageTemplate=&apos;{javax.validation.constraints.NotBlank.message}&apos;}&#10;	ConstraintViolationImpl{interpolatedMessage=&apos;Last name can&apos;t be Empty&apos;, propertyPath=lastName, rootBeanClass=class com.edu.VehicleManagementAppSpringBoot.entity.User, messageTemplate=&apos;Last name can&apos;t be Empty&apos;}&#10;	ConstraintViolationImpl{interpolatedMessage=&apos;Email can&apos;t be Empty&apos;, propertyPath=email, rootBeanClass=class com.edu.VehicleManagementAppSpringBoot.entity.User, messageTemplate=&apos;Email can&apos;t be Empty&apos;}&#10;	ConstraintViolationImpl{interpolatedMessage=&apos;must not be null&apos;, propertyPath=email, rootBeanClass=class com.edu.VehicleManagementAppSpringBoot.entity.User, messageTemplate=&apos;{javax.validation.constraints.NotNull.message}&apos;}&#10;	ConstraintViolationImpl{interpolatedMessage=&apos;must not be null&apos;, propertyPath=firstName, rootBeanClass=class com.edu.VehicleManagementAppSpringBoot.entity.User, messageTemplate=&apos;{javax.validation.constraints.NotNull.message}&apos;}&#10;	ConstraintViolationImpl{interpolatedMessage=&apos;First name can&apos;t be Empty&apos;, propertyPath=firstName, rootBeanClass=class com.edu.VehicleManagementAppSpringBoot.entity.User, messageTemplate=&apos;First name can&apos;t be Empty&apos;}&#10;	ConstraintViolationImpl{interpolatedMessage=&apos;License number can&apos;t be Empty&apos;, propertyPath=licenceNumber, rootBeanClass=class com.edu.VehicleManagementAppSpringBoot.entity.User, messageTemplate=&apos;License number can&apos;t be Empty&apos;}&#10;]" type="javax.validation.ConstraintViolationException">javax.validation.ConstraintViolationException: 
Validation failed for classes [com.edu.VehicleManagementAppSpringBoot.entity.User] during persist time for groups [javax.validation.groups.Default, ]
List of constraint violations:[
	ConstraintViolationImpl{interpolatedMessage='must not be null', propertyPath=password, rootBeanClass=class com.edu.VehicleManagementAppSpringBoot.entity.User, messageTemplate='{javax.validation.constraints.NotNull.message}'}
	ConstraintViolationImpl{interpolatedMessage='Contact number can't be Empty', propertyPath=contactNumber, rootBeanClass=class com.edu.VehicleManagementAppSpringBoot.entity.User, messageTemplate='Contact number can't be Empty'}
	ConstraintViolationImpl{interpolatedMessage='must not be null', propertyPath=lastName, rootBeanClass=class com.edu.VehicleManagementAppSpringBoot.entity.User, messageTemplate='{javax.validation.constraints.NotNull.message}'}
	ConstraintViolationImpl{interpolatedMessage='Password can't be Empty', propertyPath=password, rootBeanClass=class com.edu.VehicleManagementAppSpringBoot.entity.User, messageTemplate='Password can't be Empty'}
	ConstraintViolationImpl{interpolatedMessage='must not be null', propertyPath=address, rootBeanClass=class com.edu.VehicleManagementAppSpringBoot.entity.User, messageTemplate='{javax.validation.constraints.NotNull.message}'}
	ConstraintViolationImpl{interpolatedMessage='must not be null', propertyPath=contactNumber, rootBeanClass=class com.edu.VehicleManagementAppSpringBoot.entity.User, messageTemplate='{javax.validation.constraints.NotNull.message}'}
	ConstraintViolationImpl{interpolatedMessage='Address can't be Empty', propertyPath=address, rootBeanClass=class com.edu.VehicleManagementAppSpringBoot.entity.User, messageTemplate='Address can't be Empty'}
	ConstraintViolationImpl{interpolatedMessage='nationality can't be Empty', propertyPath=nationality, rootBeanClass=class com.edu.VehicleManagementAppSpringBoot.entity.User, messageTemplate='nationality can't be Empty'}
	ConstraintViolationImpl{interpolatedMessage='must not be null', propertyPath=licenceNumber, rootBeanClass=class com.edu.VehicleManagementAppSpringBoot.entity.User, messageTemplate='{javax.validation.constraints.NotNull.message}'}
	ConstraintViolationImpl{interpolatedMessage='must not be null', propertyPath=gender, rootBeanClass=class com.edu.VehicleManagementAppSpringBoot.entity.User, messageTemplate='{javax.validation.constraints.NotNull.message}'}
	ConstraintViolationImpl{interpolatedMessage='must not be null', propertyPath=nationality, rootBeanClass=class com.edu.VehicleManagementAppSpringBoot.entity.User, messageTemplate='{javax.validation.constraints.NotNull.message}'}
	ConstraintViolationImpl{interpolatedMessage='must not be blank', propertyPath=gender, rootBeanClass=class com.edu.VehicleManagementAppSpringBoot.entity.User, messageTemplate='{javax.validation.constraints.NotBlank.message}'}
	ConstraintViolationImpl{interpolatedMessage='Last name can't be Empty', propertyPath=lastName, rootBeanClass=class com.edu.VehicleManagementAppSpringBoot.entity.User, messageTemplate='Last name can't be Empty'}
	ConstraintViolationImpl{interpolatedMessage='Email can't be Empty', propertyPath=email, rootBeanClass=class com.edu.VehicleManagementAppSpringBoot.entity.User, messageTemplate='Email can't be Empty'}
	ConstraintViolationImpl{interpolatedMessage='must not be null', propertyPath=email, rootBeanClass=class com.edu.VehicleManagementAppSpringBoot.entity.User, messageTemplate='{javax.validation.constraints.NotNull.message}'}
	ConstraintViolationImpl{interpolatedMessage='must not be null', propertyPath=firstName, rootBeanClass=class com.edu.VehicleManagementAppSpringBoot.entity.User, messageTemplate='{javax.validation.constraints.NotNull.message}'}
	ConstraintViolationImpl{interpolatedMessage='First name can't be Empty', propertyPath=firstName, rootBeanClass=class com.edu.VehicleManagementAppSpringBoot.entity.User, messageTemplate='First name can't be Empty'}
	ConstraintViolationImpl{interpolatedMessage='License number can't be Empty', propertyPath=licenceNumber, rootBeanClass=class com.edu.VehicleManagementAppSpringBoot.entity.User, messageTemplate='License number can't be Empty'}
]
	at com.edu.VehicleManagementAppSpringBoot.testRepository.userRepositoryTest.saveUserTest(userRepositoryTest.java:29)
</error>
    <system-out><![CDATA[2023-04-30 21:46:38.403  INFO 2424 --- [           main] o.s.t.c.transaction.TransactionContext   : Began transaction (1) for test context [DefaultTestContext@4edde05c testClass = userRepositoryTest, testInstance = com.edu.VehicleManagementAppSpringBoot.testRepository.userRepositoryTest@333efb51, testMethod = saveUserTest@userRepositoryTest, testException = [null], mergedContextConfiguration = [MergedContextConfiguration@7fce1069 testClass = userRepositoryTest, locations = '{}', classes = '{class com.edu.VehicleManagementAppSpringBoot.VehicleInsuranceAppApplication}', contextInitializerClasses = '[]', activeProfiles = '{}', propertySourceLocations = '{}', propertySourceProperties = '{org.springframework.boot.test.autoconfigure.orm.jpa.DataJpaTestContextBootstrapper=true}', contextCustomizers = set[[ImportsContextCustomizer@51b41740 key = [org.springframework.boot.autoconfigure.cache.CacheAutoConfiguration, org.springframework.boot.autoconfigure.data.jpa.JpaRepositoriesAutoConfiguration, org.springframework.boot.autoconfigure.flyway.FlywayAutoConfiguration, org.springframework.boot.autoconfigure.jdbc.DataSourceAutoConfiguration, org.springframework.boot.autoconfigure.jdbc.DataSourceTransactionManagerAutoConfiguration, org.springframework.boot.autoconfigure.jdbc.JdbcTemplateAutoConfiguration, org.springframework.boot.autoconfigure.liquibase.LiquibaseAutoConfiguration, org.springframework.boot.autoconfigure.orm.jpa.HibernateJpaAutoConfiguration, org.springframework.boot.autoconfigure.sql.init.SqlInitializationAutoConfiguration, org.springframework.boot.autoconfigure.transaction.TransactionAutoConfiguration, org.springframework.boot.test.autoconfigure.jdbc.TestDatabaseAutoConfiguration, org.springframework.boot.test.autoconfigure.orm.jpa.TestEntityManagerAutoConfiguration]], org.springframework.boot.test.context.filter.ExcludeFilterContextCustomizer@4681c175, org.springframework.boot.test.json.DuplicateJsonObjectContextCustomizerFactory$DuplicateJsonObjectContextCustomizer@6fa51cd4, org.springframework.boot.test.mock.mockito.MockitoContextCustomizer@0, org.springframework.boot.test.autoconfigure.OverrideAutoConfigurationContextCustomizerFactory$DisableAutoConfigurationContextCustomizer@70ed52de, org.springframework.boot.test.autoconfigure.actuate.metrics.MetricsExportContextCustomizerFactory$DisableMetricExportContextCustomizer@7c37508a, org.springframework.boot.test.autoconfigure.filter.TypeExcludeFiltersContextCustomizer@351584c0, org.springframework.boot.test.autoconfigure.properties.PropertyMappingContextCustomizer@d554f9f1, org.springframework.boot.test.autoconfigure.web.servlet.WebDriverContextCustomizerFactory$Customizer@710636b0, org.springframework.boot.test.context.SpringBootTestArgs@1, org.springframework.boot.test.context.SpringBootTestWebEnvironment@0], contextLoader = 'org.springframework.boot.test.context.SpringBootContextLoader', parent = [null]], attributes = map['org.springframework.test.context.event.ApplicationEventsTestExecutionListener.recordApplicationEvents' -> false]]; transaction manager [org.springframework.orm.jpa.JpaTransactionManager@2c1a8529]; rollback [false]
2023-04-30 21:46:38.443  WARN 2424 --- [           main] o.s.test.context.TestContextManager      : Caught exception while invoking 'afterTestMethod' callback on TestExecutionListener [org.springframework.test.context.transaction.TransactionalTestExecutionListener@64381526] for test method [public void com.edu.VehicleManagementAppSpringBoot.testRepository.userRepositoryTest.saveUserTest()] and test instance [com.edu.VehicleManagementAppSpringBoot.testRepository.userRepositoryTest@333efb51]

org.springframework.transaction.UnexpectedRollbackException: Transaction silently rolled back because it has been marked as rollback-only
	at org.springframework.transaction.support.AbstractPlatformTransactionManager.processCommit(AbstractPlatformTransactionManager.java:752) ~[spring-tx-5.3.16.jar:5.3.16]
	at org.springframework.transaction.support.AbstractPlatformTransactionManager.commit(AbstractPlatformTransactionManager.java:711) ~[spring-tx-5.3.16.jar:5.3.16]
	at org.springframework.test.context.transaction.TransactionContext.endTransaction(TransactionContext.java:131) ~[spring-test-5.3.16.jar:5.3.16]
	at org.springframework.test.context.transaction.TransactionalTestExecutionListener.afterTestMethod(TransactionalTestExecutionListener.java:255) ~[spring-test-5.3.16.jar:5.3.16]
	at org.springframework.test.context.TestContextManager.afterTestMethod(TestContextManager.java:445) ~[spring-test-5.3.16.jar:5.3.16]
	at org.springframework.test.context.junit.jupiter.SpringExtension.afterEach(SpringExtension.java:206) ~[spring-test-5.3.16.jar:5.3.16]
	at org.junit.jupiter.engine.descriptor.TestMethodTestDescriptor.lambda$invokeAfterEachCallbacks$12(TestMethodTestDescriptor.java:257) ~[junit-jupiter-engine-5.8.2.jar:5.8.2]
	at org.junit.jupiter.engine.descriptor.TestMethodTestDescriptor.lambda$invokeAllAfterMethodsOrCallbacks$13(TestMethodTestDescriptor.java:273) ~[junit-jupiter-engine-5.8.2.jar:5.8.2]
	at org.junit.platform.engine.support.hierarchical.ThrowableCollector.execute(ThrowableCollector.java:73) ~[junit-platform-engine-1.8.2.jar:1.8.2]
	at org.junit.jupiter.engine.descriptor.TestMethodTestDescriptor.lambda$invokeAllAfterMethodsOrCallbacks$14(TestMethodTestDescriptor.java:273) ~[junit-jupiter-engine-5.8.2.jar:5.8.2]
	at java.base/java.util.ArrayList.forEach(ArrayList.java:1511) ~[na:na]
	at org.junit.jupiter.engine.descriptor.TestMethodTestDescriptor.invokeAllAfterMethodsOrCallbacks(TestMethodTestDescriptor.java:272) ~[junit-jupiter-engine-5.8.2.jar:5.8.2]
	at org.junit.jupiter.engine.descriptor.TestMethodTestDescriptor.invokeAfterEachCallbacks(TestMethodTestDescriptor.java:256) ~[junit-jupiter-engine-5.8.2.jar:5.8.2]
	at org.junit.jupiter.engine.descriptor.TestMethodTestDescriptor.execute(TestMethodTestDescriptor.java:141) ~[junit-jupiter-engine-5.8.2.jar:5.8.2]
	at org.junit.jupiter.engine.descriptor.TestMethodTestDescriptor.execute(TestMethodTestDescriptor.java:66) ~[junit-jupiter-engine-5.8.2.jar:5.8.2]
	at org.junit.platform.engine.support.hierarchical.NodeTestTask.lambda$executeRecursively$6(NodeTestTask.java:151) ~[junit-platform-engine-1.8.2.jar:1.8.2]
	at org.junit.platform.engine.support.hierarchical.ThrowableCollector.execute(ThrowableCollector.java:73) ~[junit-platform-engine-1.8.2.jar:1.8.2]
	at org.junit.platform.engine.support.hierarchical.NodeTestTask.lambda$executeRecursively$8(NodeTestTask.java:141) ~[junit-platform-engine-1.8.2.jar:1.8.2]
	at org.junit.platform.engine.support.hierarchical.Node.around(Node.java:137) ~[junit-platform-engine-1.8.2.jar:1.8.2]
	at org.junit.platform.engine.support.hierarchical.NodeTestTask.lambda$executeRecursively$9(NodeTestTask.java:139) ~[junit-platform-engine-1.8.2.jar:1.8.2]
	at org.junit.platform.engine.support.hierarchical.ThrowableCollector.execute(ThrowableCollector.java:73) ~[junit-platform-engine-1.8.2.jar:1.8.2]
	at org.junit.platform.engine.support.hierarchical.NodeTestTask.executeRecursively(NodeTestTask.java:138) ~[junit-platform-engine-1.8.2.jar:1.8.2]
	at org.junit.platform.engine.support.hierarchical.NodeTestTask.execute(NodeTestTask.java:95) ~[junit-platform-engine-1.8.2.jar:1.8.2]
	at java.base/java.util.ArrayList.forEach(ArrayList.java:1511) ~[na:na]
	at org.junit.platform.engine.support.hierarchical.SameThreadHierarchicalTestExecutorService.invokeAll(SameThreadHierarchicalTestExecutorService.java:41) ~[junit-platform-engine-1.8.2.jar:1.8.2]
	at org.junit.platform.engine.support.hierarchical.NodeTestTask.lambda$executeRecursively$6(NodeTestTask.java:155) ~[junit-platform-engine-1.8.2.jar:1.8.2]
	at org.junit.platform.engine.support.hierarchical.ThrowableCollector.execute(ThrowableCollector.java:73) ~[junit-platform-engine-1.8.2.jar:1.8.2]
	at org.junit.platform.engine.support.hierarchical.NodeTestTask.lambda$executeRecursively$8(NodeTestTask.java:141) ~[junit-platform-engine-1.8.2.jar:1.8.2]
	at org.junit.platform.engine.support.hierarchical.Node.around(Node.java:137) ~[junit-platform-engine-1.8.2.jar:1.8.2]
	at org.junit.platform.engine.support.hierarchical.NodeTestTask.lambda$executeRecursively$9(NodeTestTask.java:139) ~[junit-platform-engine-1.8.2.jar:1.8.2]
	at org.junit.platform.engine.support.hierarchical.ThrowableCollector.execute(ThrowableCollector.java:73) ~[junit-platform-engine-1.8.2.jar:1.8.2]
	at org.junit.platform.engine.support.hierarchical.NodeTestTask.executeRecursively(NodeTestTask.java:138) ~[junit-platform-engine-1.8.2.jar:1.8.2]
	at org.junit.platform.engine.support.hierarchical.NodeTestTask.execute(NodeTestTask.java:95) ~[junit-platform-engine-1.8.2.jar:1.8.2]
	at java.base/java.util.ArrayList.forEach(ArrayList.java:1511) ~[na:na]
	at org.junit.platform.engine.support.hierarchical.SameThreadHierarchicalTestExecutorService.invokeAll(SameThreadHierarchicalTestExecutorService.java:41) ~[junit-platform-engine-1.8.2.jar:1.8.2]
	at org.junit.platform.engine.support.hierarchical.NodeTestTask.lambda$executeRecursively$6(NodeTestTask.java:155) ~[junit-platform-engine-1.8.2.jar:1.8.2]
	at org.junit.platform.engine.support.hierarchical.ThrowableCollector.execute(ThrowableCollector.java:73) ~[junit-platform-engine-1.8.2.jar:1.8.2]
	at org.junit.platform.engine.support.hierarchical.NodeTestTask.lambda$executeRecursively$8(NodeTestTask.java:141) ~[junit-platform-engine-1.8.2.jar:1.8.2]
	at org.junit.platform.engine.support.hierarchical.Node.around(Node.java:137) ~[junit-platform-engine-1.8.2.jar:1.8.2]
	at org.junit.platform.engine.support.hierarchical.NodeTestTask.lambda$executeRecursively$9(NodeTestTask.java:139) ~[junit-platform-engine-1.8.2.jar:1.8.2]
	at org.junit.platform.engine.support.hierarchical.ThrowableCollector.execute(ThrowableCollector.java:73) ~[junit-platform-engine-1.8.2.jar:1.8.2]
	at org.junit.platform.engine.support.hierarchical.NodeTestTask.executeRecursively(NodeTestTask.java:138) ~[junit-platform-engine-1.8.2.jar:1.8.2]
	at org.junit.platform.engine.support.hierarchical.NodeTestTask.execute(NodeTestTask.java:95) ~[junit-platform-engine-1.8.2.jar:1.8.2]
	at org.junit.platform.engine.support.hierarchical.SameThreadHierarchicalTestExecutorService.submit(SameThreadHierarchicalTestExecutorService.java:35) ~[junit-platform-engine-1.8.2.jar:1.8.2]
	at org.junit.platform.engine.support.hierarchical.HierarchicalTestExecutor.execute(HierarchicalTestExecutor.java:57) ~[junit-platform-engine-1.8.2.jar:1.8.2]
	at org.junit.platform.engine.support.hierarchical.HierarchicalTestEngine.execute(HierarchicalTestEngine.java:54) ~[junit-platform-engine-1.8.2.jar:1.8.2]
	at org.junit.platform.launcher.core.DefaultLauncher.execute(DefaultLauncher.java:220) ~[junit-platform-launcher-1.3.1.jar:1.3.1]
	at org.junit.platform.launcher.core.DefaultLauncher.lambda$execute$6(DefaultLauncher.java:188) ~[junit-platform-launcher-1.3.1.jar:1.3.1]
	at org.junit.platform.launcher.core.DefaultLauncher.withInterceptedStreams(DefaultLauncher.java:202) ~[junit-platform-launcher-1.3.1.jar:1.3.1]
	at org.junit.platform.launcher.core.DefaultLauncher.execute(DefaultLauncher.java:181) ~[junit-platform-launcher-1.3.1.jar:1.3.1]
	at org.junit.platform.launcher.core.DefaultLauncher.execute(DefaultLauncher.java:128) ~[junit-platform-launcher-1.3.1.jar:1.3.1]
	at org.apache.maven.surefire.junitplatform.JUnitPlatformProvider.invokeAllTests(JUnitPlatformProvider.java:150) ~[surefire-junit-platform-2.22.2.jar:2.22.2]
	at org.apache.maven.surefire.junitplatform.JUnitPlatformProvider.invoke(JUnitPlatformProvider.java:124) ~[surefire-junit-platform-2.22.2.jar:2.22.2]
	at org.apache.maven.surefire.booter.ForkedBooter.invokeProviderInSameClassLoader(ForkedBooter.java:384) ~[surefire-booter-2.22.2.jar:2.22.2]
	at org.apache.maven.surefire.booter.ForkedBooter.runSuitesInProcess(ForkedBooter.java:345) ~[surefire-booter-2.22.2.jar:2.22.2]
	at org.apache.maven.surefire.booter.ForkedBooter.execute(ForkedBooter.java:126) ~[surefire-booter-2.22.2.jar:2.22.2]
	at org.apache.maven.surefire.booter.ForkedBooter.main(ForkedBooter.java:418) ~[surefire-booter-2.22.2.jar:2.22.2]

]]></system-out>
  </testcase>
  <testcase name="updateUserTest" classname="com.edu.VehicleManagementAppSpringBoot.testRepository.userRepositoryTest" time="0.016">
    <error message="No value present" type="java.util.NoSuchElementException">java.util.NoSuchElementException: No value present
	at com.edu.VehicleManagementAppSpringBoot.testRepository.userRepositoryTest.updateUserTest(userRepositoryTest.java:51)
</error>
    <system-out><![CDATA[2023-04-30 21:46:38.455  INFO 2424 --- [           main] o.s.t.c.transaction.TransactionContext   : Began transaction (1) for test context [DefaultTestContext@4edde05c testClass = userRepositoryTest, testInstance = com.edu.VehicleManagementAppSpringBoot.testRepository.userRepositoryTest@30811f91, testMethod = updateUserTest@userRepositoryTest, testException = [null], mergedContextConfiguration = [MergedContextConfiguration@7fce1069 testClass = userRepositoryTest, locations = '{}', classes = '{class com.edu.VehicleManagementAppSpringBoot.VehicleInsuranceAppApplication}', contextInitializerClasses = '[]', activeProfiles = '{}', propertySourceLocations = '{}', propertySourceProperties = '{org.springframework.boot.test.autoconfigure.orm.jpa.DataJpaTestContextBootstrapper=true}', contextCustomizers = set[[ImportsContextCustomizer@51b41740 key = [org.springframework.boot.autoconfigure.cache.CacheAutoConfiguration, org.springframework.boot.autoconfigure.data.jpa.JpaRepositoriesAutoConfiguration, org.springframework.boot.autoconfigure.flyway.FlywayAutoConfiguration, org.springframework.boot.autoconfigure.jdbc.DataSourceAutoConfiguration, org.springframework.boot.autoconfigure.jdbc.DataSourceTransactionManagerAutoConfiguration, org.springframework.boot.autoconfigure.jdbc.JdbcTemplateAutoConfiguration, org.springframework.boot.autoconfigure.liquibase.LiquibaseAutoConfiguration, org.springframework.boot.autoconfigure.orm.jpa.HibernateJpaAutoConfiguration, org.springframework.boot.autoconfigure.sql.init.SqlInitializationAutoConfiguration, org.springframework.boot.autoconfigure.transaction.TransactionAutoConfiguration, org.springframework.boot.test.autoconfigure.jdbc.TestDatabaseAutoConfiguration, org.springframework.boot.test.autoconfigure.orm.jpa.TestEntityManagerAutoConfiguration]], org.springframework.boot.test.context.filter.ExcludeFilterContextCustomizer@4681c175, org.springframework.boot.test.json.DuplicateJsonObjectContextCustomizerFactory$DuplicateJsonObjectContextCustomizer@6fa51cd4, org.springframework.boot.test.mock.mockito.MockitoContextCustomizer@0, org.springframework.boot.test.autoconfigure.OverrideAutoConfigurationContextCustomizerFactory$DisableAutoConfigurationContextCustomizer@70ed52de, org.springframework.boot.test.autoconfigure.actuate.metrics.MetricsExportContextCustomizerFactory$DisableMetricExportContextCustomizer@7c37508a, org.springframework.boot.test.autoconfigure.filter.TypeExcludeFiltersContextCustomizer@351584c0, org.springframework.boot.test.autoconfigure.properties.PropertyMappingContextCustomizer@d554f9f1, org.springframework.boot.test.autoconfigure.web.servlet.WebDriverContextCustomizerFactory$Customizer@710636b0, org.springframework.boot.test.context.SpringBootTestArgs@1, org.springframework.boot.test.context.SpringBootTestWebEnvironment@0], contextLoader = 'org.springframework.boot.test.context.SpringBootContextLoader', parent = [null]], attributes = map['org.springframework.test.context.event.ApplicationEventsTestExecutionListener.recordApplicationEvents' -> false]]; transaction manager [org.springframework.orm.jpa.JpaTransactionManager@2c1a8529]; rollback [true]
Hibernate: 
    select
        user0_.user_id as user_id1_1_0_,
        user0_.address as address2_1_0_,
        user0_.contact_number as contact_3_1_0_,
        user0_.dob as dob4_1_0_,
        user0_.email as email5_1_0_,
        user0_.first_name as first_na6_1_0_,
        user0_.gender as gender7_1_0_,
        user0_.last_name as last_nam8_1_0_,
        user0_.licence_number as licence_9_1_0_,
        user0_.nationality as nationa10_1_0_,
        user0_.password as passwor11_1_0_ 
    from
        user_tbl user0_ 
    where
        user0_.user_id=?
2023-04-30 21:46:38.473  INFO 2424 --- [           main] o.s.t.c.transaction.TransactionContext   : Rolled back transaction for test: [DefaultTestContext@4edde05c testClass = userRepositoryTest, testInstance = com.edu.VehicleManagementAppSpringBoot.testRepository.userRepositoryTest@30811f91, testMethod = updateUserTest@userRepositoryTest, testException = java.util.NoSuchElementException: No value present, mergedContextConfiguration = [MergedContextConfiguration@7fce1069 testClass = userRepositoryTest, locations = '{}', classes = '{class com.edu.VehicleManagementAppSpringBoot.VehicleInsuranceAppApplication}', contextInitializerClasses = '[]', activeProfiles = '{}', propertySourceLocations = '{}', propertySourceProperties = '{org.springframework.boot.test.autoconfigure.orm.jpa.DataJpaTestContextBootstrapper=true}', contextCustomizers = set[[ImportsContextCustomizer@51b41740 key = [org.springframework.boot.autoconfigure.cache.CacheAutoConfiguration, org.springframework.boot.autoconfigure.data.jpa.JpaRepositoriesAutoConfiguration, org.springframework.boot.autoconfigure.flyway.FlywayAutoConfiguration, org.springframework.boot.autoconfigure.jdbc.DataSourceAutoConfiguration, org.springframework.boot.autoconfigure.jdbc.DataSourceTransactionManagerAutoConfiguration, org.springframework.boot.autoconfigure.jdbc.JdbcTemplateAutoConfiguration, org.springframework.boot.autoconfigure.liquibase.LiquibaseAutoConfiguration, org.springframework.boot.autoconfigure.orm.jpa.HibernateJpaAutoConfiguration, org.springframework.boot.autoconfigure.sql.init.SqlInitializationAutoConfiguration, org.springframework.boot.autoconfigure.transaction.TransactionAutoConfiguration, org.springframework.boot.test.autoconfigure.jdbc.TestDatabaseAutoConfiguration, org.springframework.boot.test.autoconfigure.orm.jpa.TestEntityManagerAutoConfiguration]], org.springframework.boot.test.context.filter.ExcludeFilterContextCustomizer@4681c175, org.springframework.boot.test.json.DuplicateJsonObjectContextCustomizerFactory$DuplicateJsonObjectContextCustomizer@6fa51cd4, org.springframework.boot.test.mock.mockito.MockitoContextCustomizer@0, org.springframework.boot.test.autoconfigure.OverrideAutoConfigurationContextCustomizerFactory$DisableAutoConfigurationContextCustomizer@70ed52de, org.springframework.boot.test.autoconfigure.actuate.metrics.MetricsExportContextCustomizerFactory$DisableMetricExportContextCustomizer@7c37508a, org.springframework.boot.test.autoconfigure.filter.TypeExcludeFiltersContextCustomizer@351584c0, org.springframework.boot.test.autoconfigure.properties.PropertyMappingContextCustomizer@d554f9f1, org.springframework.boot.test.autoconfigure.web.servlet.WebDriverContextCustomizerFactory$Customizer@710636b0, org.springframework.boot.test.context.SpringBootTestArgs@1, org.springframework.boot.test.context.SpringBootTestWebEnvironment@0], contextLoader = 'org.springframework.boot.test.context.SpringBootContextLoader', parent = [null]], attributes = map['org.springframework.test.context.event.ApplicationEventsTestExecutionListener.recordApplicationEvents' -> false]]
]]></system-out>
  </testcase>
  <testcase name="getUserTest" classname="com.edu.VehicleManagementAppSpringBoot.testRepository.userRepositoryTest" time="0.02">
    <error message="No value present" type="java.util.NoSuchElementException">java.util.NoSuchElementException: No value present
	at com.edu.VehicleManagementAppSpringBoot.testRepository.userRepositoryTest.getUserTest(userRepositoryTest.java:37)
</error>
    <system-out><![CDATA[2023-04-30 21:46:38.479  INFO 2424 --- [           main] o.s.t.c.transaction.TransactionContext   : Began transaction (1) for test context [DefaultTestContext@4edde05c testClass = userRepositoryTest, testInstance = com.edu.VehicleManagementAppSpringBoot.testRepository.userRepositoryTest@3ee200ae, testMethod = getUserTest@userRepositoryTest, testException = [null], mergedContextConfiguration = [MergedContextConfiguration@7fce1069 testClass = userRepositoryTest, locations = '{}', classes = '{class com.edu.VehicleManagementAppSpringBoot.VehicleInsuranceAppApplication}', contextInitializerClasses = '[]', activeProfiles = '{}', propertySourceLocations = '{}', propertySourceProperties = '{org.springframework.boot.test.autoconfigure.orm.jpa.DataJpaTestContextBootstrapper=true}', contextCustomizers = set[[ImportsContextCustomizer@51b41740 key = [org.springframework.boot.autoconfigure.cache.CacheAutoConfiguration, org.springframework.boot.autoconfigure.data.jpa.JpaRepositoriesAutoConfiguration, org.springframework.boot.autoconfigure.flyway.FlywayAutoConfiguration, org.springframework.boot.autoconfigure.jdbc.DataSourceAutoConfiguration, org.springframework.boot.autoconfigure.jdbc.DataSourceTransactionManagerAutoConfiguration, org.springframework.boot.autoconfigure.jdbc.JdbcTemplateAutoConfiguration, org.springframework.boot.autoconfigure.liquibase.LiquibaseAutoConfiguration, org.springframework.boot.autoconfigure.orm.jpa.HibernateJpaAutoConfiguration, org.springframework.boot.autoconfigure.sql.init.SqlInitializationAutoConfiguration, org.springframework.boot.autoconfigure.transaction.TransactionAutoConfiguration, org.springframework.boot.test.autoconfigure.jdbc.TestDatabaseAutoConfiguration, org.springframework.boot.test.autoconfigure.orm.jpa.TestEntityManagerAutoConfiguration]], org.springframework.boot.test.context.filter.ExcludeFilterContextCustomizer@4681c175, org.springframework.boot.test.json.DuplicateJsonObjectContextCustomizerFactory$DuplicateJsonObjectContextCustomizer@6fa51cd4, org.springframework.boot.test.mock.mockito.MockitoContextCustomizer@0, org.springframework.boot.test.autoconfigure.OverrideAutoConfigurationContextCustomizerFactory$DisableAutoConfigurationContextCustomizer@70ed52de, org.springframework.boot.test.autoconfigure.actuate.metrics.MetricsExportContextCustomizerFactory$DisableMetricExportContextCustomizer@7c37508a, org.springframework.boot.test.autoconfigure.filter.TypeExcludeFiltersContextCustomizer@351584c0, org.springframework.boot.test.autoconfigure.properties.PropertyMappingContextCustomizer@d554f9f1, org.springframework.boot.test.autoconfigure.web.servlet.WebDriverContextCustomizerFactory$Customizer@710636b0, org.springframework.boot.test.context.SpringBootTestArgs@1, org.springframework.boot.test.context.SpringBootTestWebEnvironment@0], contextLoader = 'org.springframework.boot.test.context.SpringBootContextLoader', parent = [null]], attributes = map['org.springframework.test.context.event.ApplicationEventsTestExecutionListener.recordApplicationEvents' -> false]]; transaction manager [org.springframework.orm.jpa.JpaTransactionManager@2c1a8529]; rollback [true]
Hibernate: 
    select
        user0_.user_id as user_id1_1_0_,
        user0_.address as address2_1_0_,
        user0_.contact_number as contact_3_1_0_,
        user0_.dob as dob4_1_0_,
        user0_.email as email5_1_0_,
        user0_.first_name as first_na6_1_0_,
        user0_.gender as gender7_1_0_,
        user0_.last_name as last_nam8_1_0_,
        user0_.licence_number as licence_9_1_0_,
        user0_.nationality as nationa10_1_0_,
        user0_.password as passwor11_1_0_ 
    from
        user_tbl user0_ 
    where
        user0_.user_id=?
2023-04-30 21:46:38.494  INFO 2424 --- [           main] o.s.t.c.transaction.TransactionContext   : Rolled back transaction for test: [DefaultTestContext@4edde05c testClass = userRepositoryTest, testInstance = com.edu.VehicleManagementAppSpringBoot.testRepository.userRepositoryTest@3ee200ae, testMethod = getUserTest@userRepositoryTest, testException = java.util.NoSuchElementException: No value present, mergedContextConfiguration = [MergedContextConfiguration@7fce1069 testClass = userRepositoryTest, locations = '{}', classes = '{class com.edu.VehicleManagementAppSpringBoot.VehicleInsuranceAppApplication}', contextInitializerClasses = '[]', activeProfiles = '{}', propertySourceLocations = '{}', propertySourceProperties = '{org.springframework.boot.test.autoconfigure.orm.jpa.DataJpaTestContextBootstrapper=true}', contextCustomizers = set[[ImportsContextCustomizer@51b41740 key = [org.springframework.boot.autoconfigure.cache.CacheAutoConfiguration, org.springframework.boot.autoconfigure.data.jpa.JpaRepositoriesAutoConfiguration, org.springframework.boot.autoconfigure.flyway.FlywayAutoConfiguration, org.springframework.boot.autoconfigure.jdbc.DataSourceAutoConfiguration, org.springframework.boot.autoconfigure.jdbc.DataSourceTransactionManagerAutoConfiguration, org.springframework.boot.autoconfigure.jdbc.JdbcTemplateAutoConfiguration, org.springframework.boot.autoconfigure.liquibase.LiquibaseAutoConfiguration, org.springframework.boot.autoconfigure.orm.jpa.HibernateJpaAutoConfiguration, org.springframework.boot.autoconfigure.sql.init.SqlInitializationAutoConfiguration, org.springframework.boot.autoconfigure.transaction.TransactionAutoConfiguration, org.springframework.boot.test.autoconfigure.jdbc.TestDatabaseAutoConfiguration, org.springframework.boot.test.autoconfigure.orm.jpa.TestEntityManagerAutoConfiguration]], org.springframework.boot.test.context.filter.ExcludeFilterContextCustomizer@4681c175, org.springframework.boot.test.json.DuplicateJsonObjectContextCustomizerFactory$DuplicateJsonObjectContextCustomizer@6fa51cd4, org.springframework.boot.test.mock.mockito.MockitoContextCustomizer@0, org.springframework.boot.test.autoconfigure.OverrideAutoConfigurationContextCustomizerFactory$DisableAutoConfigurationContextCustomizer@70ed52de, org.springframework.boot.test.autoconfigure.actuate.metrics.MetricsExportContextCustomizerFactory$DisableMetricExportContextCustomizer@7c37508a, org.springframework.boot.test.autoconfigure.filter.TypeExcludeFiltersContextCustomizer@351584c0, org.springframework.boot.test.autoconfigure.properties.PropertyMappingContextCustomizer@d554f9f1, org.springframework.boot.test.autoconfigure.web.servlet.WebDriverContextCustomizerFactory$Customizer@710636b0, org.springframework.boot.test.context.SpringBootTestArgs@1, org.springframework.boot.test.context.SpringBootTestWebEnvironment@0], contextLoader = 'org.springframework.boot.test.context.SpringBootContextLoader', parent = [null]], attributes = map['org.springframework.test.context.event.ApplicationEventsTestExecutionListener.recordApplicationEvents' -> false]]
]]></system-out>
  </testcase>
  <testcase name="deleteUserTest" classname="com.edu.VehicleManagementAppSpringBoot.testRepository.userRepositoryTest" time="0.014">
    <error message="No value present" type="java.util.NoSuchElementException">java.util.NoSuchElementException: No value present
	at com.edu.VehicleManagementAppSpringBoot.testRepository.userRepositoryTest.deleteUserTest(userRepositoryTest.java:61)
</error>
    <system-out><![CDATA[2023-04-30 21:46:38.502  INFO 2424 --- [           main] o.s.t.c.transaction.TransactionContext   : Began transaction (1) for test context [DefaultTestContext@4edde05c testClass = userRepositoryTest, testInstance = com.edu.VehicleManagementAppSpringBoot.testRepository.userRepositoryTest@3f142e87, testMethod = deleteUserTest@userRepositoryTest, testException = [null], mergedContextConfiguration = [MergedContextConfiguration@7fce1069 testClass = userRepositoryTest, locations = '{}', classes = '{class com.edu.VehicleManagementAppSpringBoot.VehicleInsuranceAppApplication}', contextInitializerClasses = '[]', activeProfiles = '{}', propertySourceLocations = '{}', propertySourceProperties = '{org.springframework.boot.test.autoconfigure.orm.jpa.DataJpaTestContextBootstrapper=true}', contextCustomizers = set[[ImportsContextCustomizer@51b41740 key = [org.springframework.boot.autoconfigure.cache.CacheAutoConfiguration, org.springframework.boot.autoconfigure.data.jpa.JpaRepositoriesAutoConfiguration, org.springframework.boot.autoconfigure.flyway.FlywayAutoConfiguration, org.springframework.boot.autoconfigure.jdbc.DataSourceAutoConfiguration, org.springframework.boot.autoconfigure.jdbc.DataSourceTransactionManagerAutoConfiguration, org.springframework.boot.autoconfigure.jdbc.JdbcTemplateAutoConfiguration, org.springframework.boot.autoconfigure.liquibase.LiquibaseAutoConfiguration, org.springframework.boot.autoconfigure.orm.jpa.HibernateJpaAutoConfiguration, org.springframework.boot.autoconfigure.sql.init.SqlInitializationAutoConfiguration, org.springframework.boot.autoconfigure.transaction.TransactionAutoConfiguration, org.springframework.boot.test.autoconfigure.jdbc.TestDatabaseAutoConfiguration, org.springframework.boot.test.autoconfigure.orm.jpa.TestEntityManagerAutoConfiguration]], org.springframework.boot.test.context.filter.ExcludeFilterContextCustomizer@4681c175, org.springframework.boot.test.json.DuplicateJsonObjectContextCustomizerFactory$DuplicateJsonObjectContextCustomizer@6fa51cd4, org.springframework.boot.test.mock.mockito.MockitoContextCustomizer@0, org.springframework.boot.test.autoconfigure.OverrideAutoConfigurationContextCustomizerFactory$DisableAutoConfigurationContextCustomizer@70ed52de, org.springframework.boot.test.autoconfigure.actuate.metrics.MetricsExportContextCustomizerFactory$DisableMetricExportContextCustomizer@7c37508a, org.springframework.boot.test.autoconfigure.filter.TypeExcludeFiltersContextCustomizer@351584c0, org.springframework.boot.test.autoconfigure.properties.PropertyMappingContextCustomizer@d554f9f1, org.springframework.boot.test.autoconfigure.web.servlet.WebDriverContextCustomizerFactory$Customizer@710636b0, org.springframework.boot.test.context.SpringBootTestArgs@1, org.springframework.boot.test.context.SpringBootTestWebEnvironment@0], contextLoader = 'org.springframework.boot.test.context.SpringBootContextLoader', parent = [null]], attributes = map['org.springframework.test.context.event.ApplicationEventsTestExecutionListener.recordApplicationEvents' -> false]]; transaction manager [org.springframework.orm.jpa.JpaTransactionManager@2c1a8529]; rollback [true]
Hibernate: 
    select
        user0_.user_id as user_id1_1_0_,
        user0_.address as address2_1_0_,
        user0_.contact_number as contact_3_1_0_,
        user0_.dob as dob4_1_0_,
        user0_.email as email5_1_0_,
        user0_.first_name as first_na6_1_0_,
        user0_.gender as gender7_1_0_,
        user0_.last_name as last_nam8_1_0_,
        user0_.licence_number as licence_9_1_0_,
        user0_.nationality as nationa10_1_0_,
        user0_.password as passwor11_1_0_ 
    from
        user_tbl user0_ 
    where
        user0_.user_id=?
2023-04-30 21:46:38.510  INFO 2424 --- [           main] o.s.t.c.transaction.TransactionContext   : Rolled back transaction for test: [DefaultTestContext@4edde05c testClass = userRepositoryTest, testInstance = com.edu.VehicleManagementAppSpringBoot.testRepository.userRepositoryTest@3f142e87, testMethod = deleteUserTest@userRepositoryTest, testException = java.util.NoSuchElementException: No value present, mergedContextConfiguration = [MergedContextConfiguration@7fce1069 testClass = userRepositoryTest, locations = '{}', classes = '{class com.edu.VehicleManagementAppSpringBoot.VehicleInsuranceAppApplication}', contextInitializerClasses = '[]', activeProfiles = '{}', propertySourceLocations = '{}', propertySourceProperties = '{org.springframework.boot.test.autoconfigure.orm.jpa.DataJpaTestContextBootstrapper=true}', contextCustomizers = set[[ImportsContextCustomizer@51b41740 key = [org.springframework.boot.autoconfigure.cache.CacheAutoConfiguration, org.springframework.boot.autoconfigure.data.jpa.JpaRepositoriesAutoConfiguration, org.springframework.boot.autoconfigure.flyway.FlywayAutoConfiguration, org.springframework.boot.autoconfigure.jdbc.DataSourceAutoConfiguration, org.springframework.boot.autoconfigure.jdbc.DataSourceTransactionManagerAutoConfiguration, org.springframework.boot.autoconfigure.jdbc.JdbcTemplateAutoConfiguration, org.springframework.boot.autoconfigure.liquibase.LiquibaseAutoConfiguration, org.springframework.boot.autoconfigure.orm.jpa.HibernateJpaAutoConfiguration, org.springframework.boot.autoconfigure.sql.init.SqlInitializationAutoConfiguration, org.springframework.boot.autoconfigure.transaction.TransactionAutoConfiguration, org.springframework.boot.test.autoconfigure.jdbc.TestDatabaseAutoConfiguration, org.springframework.boot.test.autoconfigure.orm.jpa.TestEntityManagerAutoConfiguration]], org.springframework.boot.test.context.filter.ExcludeFilterContextCustomizer@4681c175, org.springframework.boot.test.json.DuplicateJsonObjectContextCustomizerFactory$DuplicateJsonObjectContextCustomizer@6fa51cd4, org.springframework.boot.test.mock.mockito.MockitoContextCustomizer@0, org.springframework.boot.test.autoconfigure.OverrideAutoConfigurationContextCustomizerFactory$DisableAutoConfigurationContextCustomizer@70ed52de, org.springframework.boot.test.autoconfigure.actuate.metrics.MetricsExportContextCustomizerFactory$DisableMetricExportContextCustomizer@7c37508a, org.springframework.boot.test.autoconfigure.filter.TypeExcludeFiltersContextCustomizer@351584c0, org.springframework.boot.test.autoconfigure.properties.PropertyMappingContextCustomizer@d554f9f1, org.springframework.boot.test.autoconfigure.web.servlet.WebDriverContextCustomizerFactory$Customizer@710636b0, org.springframework.boot.test.context.SpringBootTestArgs@1, org.springframework.boot.test.context.SpringBootTestWebEnvironment@0], contextLoader = 'org.springframework.boot.test.context.SpringBootContextLoader', parent = [null]], attributes = map['org.springframework.test.context.event.ApplicationEventsTestExecutionListener.recordApplicationEvents' -> false]]
]]></system-out>
  </testcase>
</testsuite>