<?xml version="1.0" encoding="UTF-8"?>
<testsuite xmlns:xsi="http://www.w3.org/2001/XMLSchema-instance" xsi:noNamespaceSchemaLocation="https://maven.apache.org/surefire/maven-surefire-plugin/xsd/surefire-test-report.xsd" name="com.edu.VehicleManagementAppSpringBoot.testRepository.vehicleRepositoryTest" time="0.102" tests="5" errors="4" skipped="0" failures="0">
  <properties>
[...]
</properties>
  <testcase name="updateVehicleTest" classname="com.edu.VehicleManagementAppSpringBoot.testRepository.vehicleRepositoryTest" time="0.022">
    <error message="No value present" type="java.util.NoSuchElementException">java.util.NoSuchElementException: No value present
	at com.edu.VehicleManagementAppSpringBoot.testRepository.vehicleRepositoryTest.updateVehicleTest(vehicleRepositoryTest.java:51)
</error>
    <system-out><![CDATA[2023-04-30 21:46:38.516  INFO 2424 --- [           main] b.t.a.o.j.DataJpaTestContextBootstrapper : Neither @ContextConfiguration nor @ContextHierarchy found for test class [com.edu.VehicleManagementAppSpringBoot.testRepository.vehicleRepositoryTest], using SpringBootContextLoader
2023-04-30 21:46:38.518  INFO 2424 --- [           main] o.s.t.c.support.AbstractContextLoader    : Could not detect default resource locations for test class [com.edu.VehicleManagementAppSpringBoot.testRepository.vehicleRepositoryTest]: no resource found for suffixes {-context.xml, Context.groovy}.
2023-04-30 21:46:38.519  INFO 2424 --- [           main] t.c.s.AnnotationConfigContextLoaderUtils : Could not detect default configuration classes for test class [com.edu.VehicleManagementAppSpringBoot.testRepository.vehicleRepositoryTest]: vehicleRepositoryTest does not declare any static, non-private, non-final, nested classes annotated with @Configuration.
2023-04-30 21:46:38.525  INFO 2424 --- [           main] .b.t.c.SpringBootTestContextBootstrapper : Found @SpringBootConfiguration com.edu.VehicleManagementAppSpringBoot.VehicleInsuranceAppApplication for test class com.edu.VehicleManagementAppSpringBoot.testRepository.vehicleRepositoryTest
2023-04-30 21:46:38.525  INFO 2424 --- [           main] b.t.a.o.j.DataJpaTestContextBootstrapper : Loaded default TestExecutionListener class names from location [META-INF/spring.factories]: [org.springframework.boot.test.mock.mockito.MockitoTestExecutionListener, org.springframework.boot.test.mock.mockito.ResetMocksTestExecutionListener, org.springframework.boot.test.autoconfigure.restdocs.RestDocsTestExecutionListener, org.springframework.boot.test.autoconfigure.web.client.MockRestServiceServerResetTestExecutionListener, org.springframework.boot.test.autoconfigure.web.servlet.MockMvcPrintOnlyOnFailureTestExecutionListener, org.springframework.boot.test.autoconfigure.web.servlet.WebDriverTestExecutionListener, org.springframework.boot.test.autoconfigure.webservices.client.MockWebServiceServerTestExecutionListener, org.springframework.test.context.web.ServletTestExecutionListener, org.springframework.test.context.support.DirtiesContextBeforeModesTestExecutionListener, org.springframework.test.context.event.ApplicationEventsTestExecutionListener, org.springframework.test.context.support.DependencyInjectionTestExecutionListener, org.springframework.test.context.support.DirtiesContextTestExecutionListener, org.springframework.test.context.transaction.TransactionalTestExecutionListener, org.springframework.test.context.jdbc.SqlScriptsTestExecutionListener, org.springframework.test.context.event.EventPublishingTestExecutionListener]
2023-04-30 21:46:38.526  INFO 2424 --- [           main] b.t.a.o.j.DataJpaTestContextBootstrapper : Using TestExecutionListeners: [org.springframework.test.context.web.ServletTestExecutionListener@70a54731, org.springframework.test.context.support.DirtiesContextBeforeModesTestExecutionListener@36d5c2ce, org.springframework.test.context.event.ApplicationEventsTestExecutionListener@6369d01c, org.springframework.boot.test.mock.mockito.MockitoTestExecutionListener@54e680fe, org.springframework.boot.test.autoconfigure.SpringBootDependencyInjectionTestExecutionListener@ea0c99c, org.springframework.test.context.support.DirtiesContextTestExecutionListener@167bb934, org.springframework.test.context.transaction.TransactionalTestExecutionListener@3b3f62d7, org.springframework.test.context.jdbc.SqlScriptsTestExecutionListener@5b3ee43e, org.springframework.test.context.event.EventPublishingTestExecutionListener@53da2aec, org.springframework.boot.test.mock.mockito.ResetMocksTestExecutionListener@18a38bba, org.springframework.boot.test.autoconfigure.restdocs.RestDocsTestExecutionListener@58ca6ba3, org.springframework.boot.test.autoconfigure.web.client.MockRestServiceServerResetTestExecutionListener@74797b90, org.springframework.boot.test.autoconfigure.web.servlet.MockMvcPrintOnlyOnFailureTestExecutionListener@7676b2b9, org.springframework.boot.test.autoconfigure.web.servlet.WebDriverTestExecutionListener@720c0996, org.springframework.boot.test.autoconfigure.webservices.client.MockWebServiceServerTestExecutionListener@7910e307]
2023-04-30 21:46:38.535  INFO 2424 --- [           main] o.s.t.c.transaction.TransactionContext   : Began transaction (1) for test context [DefaultTestContext@5aa334c testClass = vehicleRepositoryTest, testInstance = com.edu.VehicleManagementAppSpringBoot.testRepository.vehicleRepositoryTest@17f8cad6, testMethod = updateVehicleTest@vehicleRepositoryTest, testException = [null], mergedContextConfiguration = [MergedContextConfiguration@698e1bf5 testClass = vehicleRepositoryTest, locations = '{}', classes = '{class com.edu.VehicleManagementAppSpringBoot.VehicleInsuranceAppApplication}', contextInitializerClasses = '[]', activeProfiles = '{}', propertySourceLocations = '{}', propertySourceProperties = '{org.springframework.boot.test.autoconfigure.orm.jpa.DataJpaTestContextBootstrapper=true}', contextCustomizers = set[[ImportsContextCustomizer@7a85dc58 key = [org.springframework.boot.autoconfigure.cache.CacheAutoConfiguration, org.springframework.boot.autoconfigure.data.jpa.JpaRepositoriesAutoConfiguration, org.springframework.boot.autoconfigure.flyway.FlywayAutoConfiguration, org.springframework.boot.autoconfigure.jdbc.DataSourceAutoConfiguration, org.springframework.boot.autoconfigure.jdbc.DataSourceTransactionManagerAutoConfiguration, org.springframework.boot.autoconfigure.jdbc.JdbcTemplateAutoConfiguration, org.springframework.boot.autoconfigure.liquibase.LiquibaseAutoConfiguration, org.springframework.boot.autoconfigure.orm.jpa.HibernateJpaAutoConfiguration, org.springframework.boot.autoconfigure.sql.init.SqlInitializationAutoConfiguration, org.springframework.boot.autoconfigure.transaction.TransactionAutoConfiguration, org.springframework.boot.test.autoconfigure.jdbc.TestDatabaseAutoConfiguration, org.springframework.boot.test.autoconfigure.orm.jpa.TestEntityManagerAutoConfiguration]], org.springframework.boot.test.context.filter.ExcludeFilterContextCustomizer@4681c175, org.springframework.boot.test.json.DuplicateJsonObjectContextCustomizerFactory$DuplicateJsonObjectContextCustomizer@6fa51cd4, org.springframework.boot.test.mock.mockito.MockitoContextCustomizer@0, org.springframework.boot.test.autoconfigure.OverrideAutoConfigurationContextCustomizerFactory$DisableAutoConfigurationContextCustomizer@70ed52de, org.springframework.boot.test.autoconfigure.actuate.metrics.MetricsExportContextCustomizerFactory$DisableMetricExportContextCustomizer@7c37508a, org.springframework.boot.test.autoconfigure.filter.TypeExcludeFiltersContextCustomizer@351584c0, org.springframework.boot.test.autoconfigure.properties.PropertyMappingContextCustomizer@d554f9f1, org.springframework.boot.test.autoconfigure.web.servlet.WebDriverContextCustomizerFactory$Customizer@710636b0, org.springframework.boot.test.context.SpringBootTestArgs@1, org.springframework.boot.test.context.SpringBootTestWebEnvironment@0], contextLoader = 'org.springframework.boot.test.context.SpringBootContextLoader', parent = [null]], attributes = map['org.springframework.test.context.event.ApplicationEventsTestExecutionListener.recordApplicationEvents' -> false]]; transaction manager [org.springframework.orm.jpa.JpaTransactionManager@2c1a8529]; rollback [true]
Hibernate: 
    select
        vehicle0_.veh_id as veh_id1_2_0_,
        vehicle0_.category as category2_2_0_,
        vehicle0_.insurance_id as insuran11_2_0_,
        vehicle0_.manufacturer as manufact3_2_0_,
        vehicle0_.next_premium_date as next_pre4_2_0_,
        vehicle0_.pending_fines as pending_5_2_0_,
        vehicle0_.plate_number as plate_nu6_2_0_,
        vehicle0_.premium_amount as premium_7_2_0_,
        vehicle0_.previous_premium_date as previous8_2_0_,
        vehicle0_.registration_date as registra9_2_0_,
        vehicle0_.type as type10_2_0_,
        vehicle0_.user_id as user_id12_2_0_,
        insurance1_.insurance_id as insuranc1_0_1_,
        insurance1_.insurance_number as insuranc2_0_1_,
        insurance1_.insurance_provider as insuranc3_0_1_,
        insurance1_.insurance_validity as insuranc4_0_1_,
        user2_.user_id as user_id1_1_2_,
        user2_.address as address2_1_2_,
        user2_.contact_number as contact_3_1_2_,
        user2_.dob as dob4_1_2_,
        user2_.email as email5_1_2_,
        user2_.first_name as first_na6_1_2_,
        user2_.gender as gender7_1_2_,
        user2_.last_name as last_nam8_1_2_,
        user2_.licence_number as licence_9_1_2_,
        user2_.nationality as nationa10_1_2_,
        user2_.password as passwor11_1_2_ 
    from
        vehicle_tbl vehicle0_ 
    left outer join
        insurance_tbl insurance1_ 
            on vehicle0_.insurance_id=insurance1_.insurance_id 
    left outer join
        user_tbl user2_ 
            on vehicle0_.user_id=user2_.user_id 
    where
        vehicle0_.veh_id=?
2023-04-30 21:46:38.547  INFO 2424 --- [           main] o.s.t.c.transaction.TransactionContext   : Rolled back transaction for test: [DefaultTestContext@5aa334c testClass = vehicleRepositoryTest, testInstance = com.edu.VehicleManagementAppSpringBoot.testRepository.vehicleRepositoryTest@17f8cad6, testMethod = updateVehicleTest@vehicleRepositoryTest, testException = java.util.NoSuchElementException: No value present, mergedContextConfiguration = [MergedContextConfiguration@698e1bf5 testClass = vehicleRepositoryTest, locations = '{}', classes = '{class com.edu.VehicleManagementAppSpringBoot.VehicleInsuranceAppApplication}', contextInitializerClasses = '[]', activeProfiles = '{}', propertySourceLocations = '{}', propertySourceProperties = '{org.springframework.boot.test.autoconfigure.orm.jpa.DataJpaTestContextBootstrapper=true}', contextCustomizers = set[[ImportsContextCustomizer@7a85dc58 key = [org.springframework.boot.autoconfigure.cache.CacheAutoConfiguration, org.springframework.boot.autoconfigure.data.jpa.JpaRepositoriesAutoConfiguration, org.springframework.boot.autoconfigure.flyway.FlywayAutoConfiguration, org.springframework.boot.autoconfigure.jdbc.DataSourceAutoConfiguration, org.springframework.boot.autoconfigure.jdbc.DataSourceTransactionManagerAutoConfiguration, org.springframework.boot.autoconfigure.jdbc.JdbcTemplateAutoConfiguration, org.springframework.boot.autoconfigure.liquibase.LiquibaseAutoConfiguration, org.springframework.boot.autoconfigure.orm.jpa.HibernateJpaAutoConfiguration, org.springframework.boot.autoconfigure.sql.init.SqlInitializationAutoConfiguration, org.springframework.boot.autoconfigure.transaction.TransactionAutoConfiguration, org.springframework.boot.test.autoconfigure.jdbc.TestDatabaseAutoConfiguration, org.springframework.boot.test.autoconfigure.orm.jpa.TestEntityManagerAutoConfiguration]], org.springframework.boot.test.context.filter.ExcludeFilterContextCustomizer@4681c175, org.springframework.boot.test.json.DuplicateJsonObjectContextCustomizerFactory$DuplicateJsonObjectContextCustomizer@6fa51cd4, org.springframework.boot.test.mock.mockito.MockitoContextCustomizer@0, org.springframework.boot.test.autoconfigure.OverrideAutoConfigurationContextCustomizerFactory$DisableAutoConfigurationContextCustomizer@70ed52de, org.springframework.boot.test.autoconfigure.actuate.metrics.MetricsExportContextCustomizerFactory$DisableMetricExportContextCustomizer@7c37508a, org.springframework.boot.test.autoconfigure.filter.TypeExcludeFiltersContextCustomizer@351584c0, org.springframework.boot.test.autoconfigure.properties.PropertyMappingContextCustomizer@d554f9f1, org.springframework.boot.test.autoconfigure.web.servlet.WebDriverContextCustomizerFactory$Customizer@710636b0, org.springframework.boot.test.context.SpringBootTestArgs@1, org.springframework.boot.test.context.SpringBootTestWebEnvironment@0], contextLoader = 'org.springframework.boot.test.context.SpringBootContextLoader', parent = [null]], attributes = map['org.springframework.test.context.event.ApplicationEventsTestExecutionListener.recordApplicationEvents' -> false]]
]]></system-out>
  </testcase>
  <testcase name="getVehicleTest" classname="com.edu.VehicleManagementAppSpringBoot.testRepository.vehicleRepositoryTest" time="0.002">
    <error message="No value present" type="java.util.NoSuchElementException">java.util.NoSuchElementException: No value present
	at com.edu.VehicleManagementAppSpringBoot.testRepository.vehicleRepositoryTest.getVehicleTest(vehicleRepositoryTest.java:37)
</error>
    <system-out><![CDATA[2023-04-30 21:46:38.554  INFO 2424 --- [           main] o.s.t.c.transaction.TransactionContext   : Began transaction (1) for test context [DefaultTestContext@5aa334c testClass = vehicleRepositoryTest, testInstance = com.edu.VehicleManagementAppSpringBoot.testRepository.vehicleRepositoryTest@32e5fb4c, testMethod = getVehicleTest@vehicleRepositoryTest, testException = [null], mergedContextConfiguration = [MergedContextConfiguration@698e1bf5 testClass = vehicleRepositoryTest, locations = '{}', classes = '{class com.edu.VehicleManagementAppSpringBoot.VehicleInsuranceAppApplication}', contextInitializerClasses = '[]', activeProfiles = '{}', propertySourceLocations = '{}', propertySourceProperties = '{org.springframework.boot.test.autoconfigure.orm.jpa.DataJpaTestContextBootstrapper=true}', contextCustomizers = set[[ImportsContextCustomizer@7a85dc58 key = [org.springframework.boot.autoconfigure.cache.CacheAutoConfiguration, org.springframework.boot.autoconfigure.data.jpa.JpaRepositoriesAutoConfiguration, org.springframework.boot.autoconfigure.flyway.FlywayAutoConfiguration, org.springframework.boot.autoconfigure.jdbc.DataSourceAutoConfiguration, org.springframework.boot.autoconfigure.jdbc.DataSourceTransactionManagerAutoConfiguration, org.springframework.boot.autoconfigure.jdbc.JdbcTemplateAutoConfiguration, org.springframework.boot.autoconfigure.liquibase.LiquibaseAutoConfiguration, org.springframework.boot.autoconfigure.orm.jpa.HibernateJpaAutoConfiguration, org.springframework.boot.autoconfigure.sql.init.SqlInitializationAutoConfiguration, org.springframework.boot.autoconfigure.transaction.TransactionAutoConfiguration, org.springframework.boot.test.autoconfigure.jdbc.TestDatabaseAutoConfiguration, org.springframework.boot.test.autoconfigure.orm.jpa.TestEntityManagerAutoConfiguration]], org.springframework.boot.test.context.filter.ExcludeFilterContextCustomizer@4681c175, org.springframework.boot.test.json.DuplicateJsonObjectContextCustomizerFactory$DuplicateJsonObjectContextCustomizer@6fa51cd4, org.springframework.boot.test.mock.mockito.MockitoContextCustomizer@0, org.springframework.boot.test.autoconfigure.OverrideAutoConfigurationContextCustomizerFactory$DisableAutoConfigurationContextCustomizer@70ed52de, org.springframework.boot.test.autoconfigure.actuate.metrics.MetricsExportContextCustomizerFactory$DisableMetricExportContextCustomizer@7c37508a, org.springframework.boot.test.autoconfigure.filter.TypeExcludeFiltersContextCustomizer@351584c0, org.springframework.boot.test.autoconfigure.properties.PropertyMappingContextCustomizer@d554f9f1, org.springframework.boot.test.autoconfigure.web.servlet.WebDriverContextCustomizerFactory$Customizer@710636b0, org.springframework.boot.test.context.SpringBootTestArgs@1, org.springframework.boot.test.context.SpringBootTestWebEnvironment@0], contextLoader = 'org.springframework.boot.test.context.SpringBootContextLoader', parent = [null]], attributes = map['org.springframework.test.context.event.ApplicationEventsTestExecutionListener.recordApplicationEvents' -> false]]; transaction manager [org.springframework.orm.jpa.JpaTransactionManager@2c1a8529]; rollback [true]
Hibernate: 
    select
        vehicle0_.veh_id as veh_id1_2_0_,
        vehicle0_.category as category2_2_0_,
        vehicle0_.insurance_id as insuran11_2_0_,
        vehicle0_.manufacturer as manufact3_2_0_,
        vehicle0_.next_premium_date as next_pre4_2_0_,
        vehicle0_.pending_fines as pending_5_2_0_,
        vehicle0_.plate_number as plate_nu6_2_0_,
        vehicle0_.premium_amount as premium_7_2_0_,
        vehicle0_.previous_premium_date as previous8_2_0_,
        vehicle0_.registration_date as registra9_2_0_,
        vehicle0_.type as type10_2_0_,
        vehicle0_.user_id as user_id12_2_0_,
        insurance1_.insurance_id as insuranc1_0_1_,
        insurance1_.insurance_number as insuranc2_0_1_,
        insurance1_.insurance_provider as insuranc3_0_1_,
        insurance1_.insurance_validity as insuranc4_0_1_,
        user2_.user_id as user_id1_1_2_,
        user2_.address as address2_1_2_,
        user2_.contact_number as contact_3_1_2_,
        user2_.dob as dob4_1_2_,
        user2_.email as email5_1_2_,
        user2_.first_name as first_na6_1_2_,
        user2_.gender as gender7_1_2_,
        user2_.last_name as last_nam8_1_2_,
        user2_.licence_number as licence_9_1_2_,
        user2_.nationality as nationa10_1_2_,
        user2_.password as passwor11_1_2_ 
    from
        vehicle_tbl vehicle0_ 
    left outer join
        insurance_tbl insurance1_ 
            on vehicle0_.insurance_id=insurance1_.insurance_id 
    left outer join
        user_tbl user2_ 
            on vehicle0_.user_id=user2_.user_id 
    where
        vehicle0_.veh_id=?
2023-04-30 21:46:38.564  INFO 2424 --- [           main] o.s.t.c.transaction.TransactionContext   : Rolled back transaction for test: [DefaultTestContext@5aa334c testClass = vehicleRepositoryTest, testInstance = com.edu.VehicleManagementAppSpringBoot.testRepository.vehicleRepositoryTest@32e5fb4c, testMethod = getVehicleTest@vehicleRepositoryTest, testException = java.util.NoSuchElementException: No value present, mergedContextConfiguration = [MergedContextConfiguration@698e1bf5 testClass = vehicleRepositoryTest, locations = '{}', classes = '{class com.edu.VehicleManagementAppSpringBoot.VehicleInsuranceAppApplication}', contextInitializerClasses = '[]', activeProfiles = '{}', propertySourceLocations = '{}', propertySourceProperties = '{org.springframework.boot.test.autoconfigure.orm.jpa.DataJpaTestContextBootstrapper=true}', contextCustomizers = set[[ImportsContextCustomizer@7a85dc58 key = [org.springframework.boot.autoconfigure.cache.CacheAutoConfiguration, org.springframework.boot.autoconfigure.data.jpa.JpaRepositoriesAutoConfiguration, org.springframework.boot.autoconfigure.flyway.FlywayAutoConfiguration, org.springframework.boot.autoconfigure.jdbc.DataSourceAutoConfiguration, org.springframework.boot.autoconfigure.jdbc.DataSourceTransactionManagerAutoConfiguration, org.springframework.boot.autoconfigure.jdbc.JdbcTemplateAutoConfiguration, org.springframework.boot.autoconfigure.liquibase.LiquibaseAutoConfiguration, org.springframework.boot.autoconfigure.orm.jpa.HibernateJpaAutoConfiguration, org.springframework.boot.autoconfigure.sql.init.SqlInitializationAutoConfiguration, org.springframework.boot.autoconfigure.transaction.TransactionAutoConfiguration, org.springframework.boot.test.autoconfigure.jdbc.TestDatabaseAutoConfiguration, org.springframework.boot.test.autoconfigure.orm.jpa.TestEntityManagerAutoConfiguration]], org.springframework.boot.test.context.filter.ExcludeFilterContextCustomizer@4681c175, org.springframework.boot.test.json.DuplicateJsonObjectContextCustomizerFactory$DuplicateJsonObjectContextCustomizer@6fa51cd4, org.springframework.boot.test.mock.mockito.MockitoContextCustomizer@0, org.springframework.boot.test.autoconfigure.OverrideAutoConfigurationContextCustomizerFactory$DisableAutoConfigurationContextCustomizer@70ed52de, org.springframework.boot.test.autoconfigure.actuate.metrics.MetricsExportContextCustomizerFactory$DisableMetricExportContextCustomizer@7c37508a, org.springframework.boot.test.autoconfigure.filter.TypeExcludeFiltersContextCustomizer@351584c0, org.springframework.boot.test.autoconfigure.properties.PropertyMappingContextCustomizer@d554f9f1, org.springframework.boot.test.autoconfigure.web.servlet.WebDriverContextCustomizerFactory$Customizer@710636b0, org.springframework.boot.test.context.SpringBootTestArgs@1, org.springframework.boot.test.context.SpringBootTestWebEnvironment@0], contextLoader = 'org.springframework.boot.test.context.SpringBootContextLoader', parent = [null]], attributes = map['org.springframework.test.context.event.ApplicationEventsTestExecutionListener.recordApplicationEvents' -> false]]
]]></system-out>
  </testcase>
  <testcase name="getVehicleListTest" classname="com.edu.VehicleManagementAppSpringBoot.testRepository.vehicleRepositoryTest" time="0.033"/>
  <testcase name="deleteVehicleTest" classname="com.edu.VehicleManagementAppSpringBoot.testRepository.vehicleRepositoryTest" time="0.017">
    <error message="No value present" type="java.util.NoSuchElementException">java.util.NoSuchElementException: No value present
	at com.edu.VehicleManagementAppSpringBoot.testRepository.vehicleRepositoryTest.deleteVehicleTest(vehicleRepositoryTest.java:61)
</error>
    <system-out><![CDATA[2023-04-30 21:46:38.602  INFO 2424 --- [           main] o.s.t.c.transaction.TransactionContext   : Began transaction (1) for test context [DefaultTestContext@5aa334c testClass = vehicleRepositoryTest, testInstance = com.edu.VehicleManagementAppSpringBoot.testRepository.vehicleRepositoryTest@44e3f3e5, testMethod = deleteVehicleTest@vehicleRepositoryTest, testException = [null], mergedContextConfiguration = [MergedContextConfiguration@698e1bf5 testClass = vehicleRepositoryTest, locations = '{}', classes = '{class com.edu.VehicleManagementAppSpringBoot.VehicleInsuranceAppApplication}', contextInitializerClasses = '[]', activeProfiles = '{}', propertySourceLocations = '{}', propertySourceProperties = '{org.springframework.boot.test.autoconfigure.orm.jpa.DataJpaTestContextBootstrapper=true}', contextCustomizers = set[[ImportsContextCustomizer@7a85dc58 key = [org.springframework.boot.autoconfigure.cache.CacheAutoConfiguration, org.springframework.boot.autoconfigure.data.jpa.JpaRepositoriesAutoConfiguration, org.springframework.boot.autoconfigure.flyway.FlywayAutoConfiguration, org.springframework.boot.autoconfigure.jdbc.DataSourceAutoConfiguration, org.springframework.boot.autoconfigure.jdbc.DataSourceTransactionManagerAutoConfiguration, org.springframework.boot.autoconfigure.jdbc.JdbcTemplateAutoConfiguration, org.springframework.boot.autoconfigure.liquibase.LiquibaseAutoConfiguration, org.springframework.boot.autoconfigure.orm.jpa.HibernateJpaAutoConfiguration, org.springframework.boot.autoconfigure.sql.init.SqlInitializationAutoConfiguration, org.springframework.boot.autoconfigure.transaction.TransactionAutoConfiguration, org.springframework.boot.test.autoconfigure.jdbc.TestDatabaseAutoConfiguration, org.springframework.boot.test.autoconfigure.orm.jpa.TestEntityManagerAutoConfiguration]], org.springframework.boot.test.context.filter.ExcludeFilterContextCustomizer@4681c175, org.springframework.boot.test.json.DuplicateJsonObjectContextCustomizerFactory$DuplicateJsonObjectContextCustomizer@6fa51cd4, org.springframework.boot.test.mock.mockito.MockitoContextCustomizer@0, org.springframework.boot.test.autoconfigure.OverrideAutoConfigurationContextCustomizerFactory$DisableAutoConfigurationContextCustomizer@70ed52de, org.springframework.boot.test.autoconfigure.actuate.metrics.MetricsExportContextCustomizerFactory$DisableMetricExportContextCustomizer@7c37508a, org.springframework.boot.test.autoconfigure.filter.TypeExcludeFiltersContextCustomizer@351584c0, org.springframework.boot.test.autoconfigure.properties.PropertyMappingContextCustomizer@d554f9f1, org.springframework.boot.test.autoconfigure.web.servlet.WebDriverContextCustomizerFactory$Customizer@710636b0, org.springframework.boot.test.context.SpringBootTestArgs@1, org.springframework.boot.test.context.SpringBootTestWebEnvironment@0], contextLoader = 'org.springframework.boot.test.context.SpringBootContextLoader', parent = [null]], attributes = map['org.springframework.test.context.event.ApplicationEventsTestExecutionListener.recordApplicationEvents' -> false]]; transaction manager [org.springframework.orm.jpa.JpaTransactionManager@2c1a8529]; rollback [true]
Hibernate: 
    select
        vehicle0_.veh_id as veh_id1_2_0_,
        vehicle0_.category as category2_2_0_,
        vehicle0_.insurance_id as insuran11_2_0_,
        vehicle0_.manufacturer as manufact3_2_0_,
        vehicle0_.next_premium_date as next_pre4_2_0_,
        vehicle0_.pending_fines as pending_5_2_0_,
        vehicle0_.plate_number as plate_nu6_2_0_,
        vehicle0_.premium_amount as premium_7_2_0_,
        vehicle0_.previous_premium_date as previous8_2_0_,
        vehicle0_.registration_date as registra9_2_0_,
        vehicle0_.type as type10_2_0_,
        vehicle0_.user_id as user_id12_2_0_,
        insurance1_.insurance_id as insuranc1_0_1_,
        insurance1_.insurance_number as insuranc2_0_1_,
        insurance1_.insurance_provider as insuranc3_0_1_,
        insurance1_.insurance_validity as insuranc4_0_1_,
        user2_.user_id as user_id1_1_2_,
        user2_.address as address2_1_2_,
        user2_.contact_number as contact_3_1_2_,
        user2_.dob as dob4_1_2_,
        user2_.email as email5_1_2_,
        user2_.first_name as first_na6_1_2_,
        user2_.gender as gender7_1_2_,
        user2_.last_name as last_nam8_1_2_,
        user2_.licence_number as licence_9_1_2_,
        user2_.nationality as nationa10_1_2_,
        user2_.password as passwor11_1_2_ 
    from
        vehicle_tbl vehicle0_ 
    left outer join
        insurance_tbl insurance1_ 
            on vehicle0_.insurance_id=insurance1_.insurance_id 
    left outer join
        user_tbl user2_ 
            on vehicle0_.user_id=user2_.user_id 
    where
        vehicle0_.veh_id=?
2023-04-30 21:46:38.620  INFO 2424 --- [           main] o.s.t.c.transaction.TransactionContext   : Rolled back transaction for test: [DefaultTestContext@5aa334c testClass = vehicleRepositoryTest, testInstance = com.edu.VehicleManagementAppSpringBoot.testRepository.vehicleRepositoryTest@44e3f3e5, testMethod = deleteVehicleTest@vehicleRepositoryTest, testException = java.util.NoSuchElementException: No value present, mergedContextConfiguration = [MergedContextConfiguration@698e1bf5 testClass = vehicleRepositoryTest, locations = '{}', classes = '{class com.edu.VehicleManagementAppSpringBoot.VehicleInsuranceAppApplication}', contextInitializerClasses = '[]', activeProfiles = '{}', propertySourceLocations = '{}', propertySourceProperties = '{org.springframework.boot.test.autoconfigure.orm.jpa.DataJpaTestContextBootstrapper=true}', contextCustomizers = set[[ImportsContextCustomizer@7a85dc58 key = [org.springframework.boot.autoconfigure.cache.CacheAutoConfiguration, org.springframework.boot.autoconfigure.data.jpa.JpaRepositoriesAutoConfiguration, org.springframework.boot.autoconfigure.flyway.FlywayAutoConfiguration, org.springframework.boot.autoconfigure.jdbc.DataSourceAutoConfiguration, org.springframework.boot.autoconfigure.jdbc.DataSourceTransactionManagerAutoConfiguration, org.springframework.boot.autoconfigure.jdbc.JdbcTemplateAutoConfiguration, org.springframework.boot.autoconfigure.liquibase.LiquibaseAutoConfiguration, org.springframework.boot.autoconfigure.orm.jpa.HibernateJpaAutoConfiguration, org.springframework.boot.autoconfigure.sql.init.SqlInitializationAutoConfiguration, org.springframework.boot.autoconfigure.transaction.TransactionAutoConfiguration, org.springframework.boot.test.autoconfigure.jdbc.TestDatabaseAutoConfiguration, org.springframework.boot.test.autoconfigure.orm.jpa.TestEntityManagerAutoConfiguration]], org.springframework.boot.test.context.filter.ExcludeFilterContextCustomizer@4681c175, org.springframework.boot.test.json.DuplicateJsonObjectContextCustomizerFactory$DuplicateJsonObjectContextCustomizer@6fa51cd4, org.springframework.boot.test.mock.mockito.MockitoContextCustomizer@0, org.springframework.boot.test.autoconfigure.OverrideAutoConfigurationContextCustomizerFactory$DisableAutoConfigurationContextCustomizer@70ed52de, org.springframework.boot.test.autoconfigure.actuate.metrics.MetricsExportContextCustomizerFactory$DisableMetricExportContextCustomizer@7c37508a, org.springframework.boot.test.autoconfigure.filter.TypeExcludeFiltersContextCustomizer@351584c0, org.springframework.boot.test.autoconfigure.properties.PropertyMappingContextCustomizer@d554f9f1, org.springframework.boot.test.autoconfigure.web.servlet.WebDriverContextCustomizerFactory$Customizer@710636b0, org.springframework.boot.test.context.SpringBootTestArgs@1, org.springframework.boot.test.context.SpringBootTestWebEnvironment@0], contextLoader = 'org.springframework.boot.test.context.SpringBootContextLoader', parent = [null]], attributes = map['org.springframework.test.context.event.ApplicationEventsTestExecutionListener.recordApplicationEvents' -> false]]
]]></system-out>
  </testcase>
  <testcase name="saveVehicleTest" classname="com.edu.VehicleManagementAppSpringBoot.testRepository.vehicleRepositoryTest" time="0.023">
    <error message="Validation failed for classes [com.edu.VehicleManagementAppSpringBoot.entity.Vehicle] during persist time for groups [javax.validation.groups.Default, ]&#10;List of constraint violations:[&#10;	ConstraintViolationImpl{interpolatedMessage=&apos;must not be null&apos;, propertyPath=type, rootBeanClass=class com.edu.VehicleManagementAppSpringBoot.entity.Vehicle, messageTemplate=&apos;{javax.validation.constraints.NotNull.message}&apos;}&#10;	ConstraintViolationImpl{interpolatedMessage=&apos;must not be null&apos;, propertyPath=registrationDate, rootBeanClass=class com.edu.VehicleManagementAppSpringBoot.entity.Vehicle, messageTemplate=&apos;{javax.validation.constraints.NotNull.message}&apos;}&#10;	ConstraintViolationImpl{interpolatedMessage=&apos;must not be null&apos;, propertyPath=plateNumber, rootBeanClass=class com.edu.VehicleManagementAppSpringBoot.entity.Vehicle, messageTemplate=&apos;{javax.validation.constraints.NotNull.message}&apos;}&#10;	ConstraintViolationImpl{interpolatedMessage=&apos;Plate Number can&apos;t be Empty&apos;, propertyPath=plateNumber, rootBeanClass=class com.edu.VehicleManagementAppSpringBoot.entity.Vehicle, messageTemplate=&apos;Plate Number can&apos;t be Empty&apos;}&#10;	ConstraintViolationImpl{interpolatedMessage=&apos;must not be null&apos;, propertyPath=previousPreDate, rootBeanClass=class com.edu.VehicleManagementAppSpringBoot.entity.Vehicle, messageTemplate=&apos;{javax.validation.constraints.NotNull.message}&apos;}&#10;	ConstraintViolationImpl{interpolatedMessage=&apos;Manufacturer can&apos;t be Empty&apos;, propertyPath=manufacturer, rootBeanClass=class com.edu.VehicleManagementAppSpringBoot.entity.Vehicle, messageTemplate=&apos;Manufacturer can&apos;t be Empty&apos;}&#10;	ConstraintViolationImpl{interpolatedMessage=&apos;must not be null&apos;, propertyPath=category, rootBeanClass=class com.edu.VehicleManagementAppSpringBoot.entity.Vehicle, messageTemplate=&apos;{javax.validation.constraints.NotNull.message}&apos;}&#10;	ConstraintViolationImpl{interpolatedMessage=&apos;Type can&apos;t be Empty&apos;, propertyPath=type, rootBeanClass=class com.edu.VehicleManagementAppSpringBoot.entity.Vehicle, messageTemplate=&apos;Type can&apos;t be Empty&apos;}&#10;	ConstraintViolationImpl{interpolatedMessage=&apos;must not be null&apos;, propertyPath=manufacturer, rootBeanClass=class com.edu.VehicleManagementAppSpringBoot.entity.Vehicle, messageTemplate=&apos;{javax.validation.constraints.NotNull.message}&apos;}&#10;	ConstraintViolationImpl{interpolatedMessage=&apos;must not be null&apos;, propertyPath=nextPreDate, rootBeanClass=class com.edu.VehicleManagementAppSpringBoot.entity.Vehicle, messageTemplate=&apos;{javax.validation.constraints.NotNull.message}&apos;}&#10;	ConstraintViolationImpl{interpolatedMessage=&apos;Category can&apos;t be Empty&apos;, propertyPath=category, rootBeanClass=class com.edu.VehicleManagementAppSpringBoot.entity.Vehicle, messageTemplate=&apos;Category can&apos;t be Empty&apos;}&#10;]" type="javax.validation.ConstraintViolationException">javax.validation.ConstraintViolationException: 
Validation failed for classes [com.edu.VehicleManagementAppSpringBoot.entity.Vehicle] during persist time for groups [javax.validation.groups.Default, ]
List of constraint violations:[
	ConstraintViolationImpl{interpolatedMessage='must not be null', propertyPath=type, rootBeanClass=class com.edu.VehicleManagementAppSpringBoot.entity.Vehicle, messageTemplate='{javax.validation.constraints.NotNull.message}'}
	ConstraintViolationImpl{interpolatedMessage='must not be null', propertyPath=registrationDate, rootBeanClass=class com.edu.VehicleManagementAppSpringBoot.entity.Vehicle, messageTemplate='{javax.validation.constraints.NotNull.message}'}
	ConstraintViolationImpl{interpolatedMessage='must not be null', propertyPath=plateNumber, rootBeanClass=class com.edu.VehicleManagementAppSpringBoot.entity.Vehicle, messageTemplate='{javax.validation.constraints.NotNull.message}'}
	ConstraintViolationImpl{interpolatedMessage='Plate Number can't be Empty', propertyPath=plateNumber, rootBeanClass=class com.edu.VehicleManagementAppSpringBoot.entity.Vehicle, messageTemplate='Plate Number can't be Empty'}
	ConstraintViolationImpl{interpolatedMessage='must not be null', propertyPath=previousPreDate, rootBeanClass=class com.edu.VehicleManagementAppSpringBoot.entity.Vehicle, messageTemplate='{javax.validation.constraints.NotNull.message}'}
	ConstraintViolationImpl{interpolatedMessage='Manufacturer can't be Empty', propertyPath=manufacturer, rootBeanClass=class com.edu.VehicleManagementAppSpringBoot.entity.Vehicle, messageTemplate='Manufacturer can't be Empty'}
	ConstraintViolationImpl{interpolatedMessage='must not be null', propertyPath=category, rootBeanClass=class com.edu.VehicleManagementAppSpringBoot.entity.Vehicle, messageTemplate='{javax.validation.constraints.NotNull.message}'}
	ConstraintViolationImpl{interpolatedMessage='Type can't be Empty', propertyPath=type, rootBeanClass=class com.edu.VehicleManagementAppSpringBoot.entity.Vehicle, messageTemplate='Type can't be Empty'}
	ConstraintViolationImpl{interpolatedMessage='must not be null', propertyPath=manufacturer, rootBeanClass=class com.edu.VehicleManagementAppSpringBoot.entity.Vehicle, messageTemplate='{javax.validation.constraints.NotNull.message}'}
	ConstraintViolationImpl{interpolatedMessage='must not be null', propertyPath=nextPreDate, rootBeanClass=class com.edu.VehicleManagementAppSpringBoot.entity.Vehicle, messageTemplate='{javax.validation.constraints.NotNull.message}'}
	ConstraintViolationImpl{interpolatedMessage='Category can't be Empty', propertyPath=category, rootBeanClass=class com.edu.VehicleManagementAppSpringBoot.entity.Vehicle, messageTemplate='Category can't be Empty'}
]
	at com.edu.VehicleManagementAppSpringBoot.testRepository.vehicleRepositoryTest.saveVehicleTest(vehicleRepositoryTest.java:29)
</error>
    <system-out><![CDATA[2023-04-30 21:46:38.626  INFO 2424 --- [           main] o.s.t.c.transaction.TransactionContext   : Began transaction (1) for test context [DefaultTestContext@5aa334c testClass = vehicleRepositoryTest, testInstance = com.edu.VehicleManagementAppSpringBoot.testRepository.vehicleRepositoryTest@3ac326c0, testMethod = saveVehicleTest@vehicleRepositoryTest, testException = [null], mergedContextConfiguration = [MergedContextConfiguration@698e1bf5 testClass = vehicleRepositoryTest, locations = '{}', classes = '{class com.edu.VehicleManagementAppSpringBoot.VehicleInsuranceAppApplication}', contextInitializerClasses = '[]', activeProfiles = '{}', propertySourceLocations = '{}', propertySourceProperties = '{org.springframework.boot.test.autoconfigure.orm.jpa.DataJpaTestContextBootstrapper=true}', contextCustomizers = set[[ImportsContextCustomizer@7a85dc58 key = [org.springframework.boot.autoconfigure.cache.CacheAutoConfiguration, org.springframework.boot.autoconfigure.data.jpa.JpaRepositoriesAutoConfiguration, org.springframework.boot.autoconfigure.flyway.FlywayAutoConfiguration, org.springframework.boot.autoconfigure.jdbc.DataSourceAutoConfiguration, org.springframework.boot.autoconfigure.jdbc.DataSourceTransactionManagerAutoConfiguration, org.springframework.boot.autoconfigure.jdbc.JdbcTemplateAutoConfiguration, org.springframework.boot.autoconfigure.liquibase.LiquibaseAutoConfiguration, org.springframework.boot.autoconfigure.orm.jpa.HibernateJpaAutoConfiguration, org.springframework.boot.autoconfigure.sql.init.SqlInitializationAutoConfiguration, org.springframework.boot.autoconfigure.transaction.TransactionAutoConfiguration, org.springframework.boot.test.autoconfigure.jdbc.TestDatabaseAutoConfiguration, org.springframework.boot.test.autoconfigure.orm.jpa.TestEntityManagerAutoConfiguration]], org.springframework.boot.test.context.filter.ExcludeFilterContextCustomizer@4681c175, org.springframework.boot.test.json.DuplicateJsonObjectContextCustomizerFactory$DuplicateJsonObjectContextCustomizer@6fa51cd4, org.springframework.boot.test.mock.mockito.MockitoContextCustomizer@0, org.springframework.boot.test.autoconfigure.OverrideAutoConfigurationContextCustomizerFactory$DisableAutoConfigurationContextCustomizer@70ed52de, org.springframework.boot.test.autoconfigure.actuate.metrics.MetricsExportContextCustomizerFactory$DisableMetricExportContextCustomizer@7c37508a, org.springframework.boot.test.autoconfigure.filter.TypeExcludeFiltersContextCustomizer@351584c0, org.springframework.boot.test.autoconfigure.properties.PropertyMappingContextCustomizer@d554f9f1, org.springframework.boot.test.autoconfigure.web.servlet.WebDriverContextCustomizerFactory$Customizer@710636b0, org.springframework.boot.test.context.SpringBootTestArgs@1, org.springframework.boot.test.context.SpringBootTestWebEnvironment@0], contextLoader = 'org.springframework.boot.test.context.SpringBootContextLoader', parent = [null]], attributes = map['org.springframework.test.context.event.ApplicationEventsTestExecutionListener.recordApplicationEvents' -> false]]; transaction manager [org.springframework.orm.jpa.JpaTransactionManager@2c1a8529]; rollback [false]
2023-04-30 21:46:38.639  WARN 2424 --- [           main] o.s.test.context.TestContextManager      : Caught exception while invoking 'afterTestMethod' callback on TestExecutionListener [org.springframework.test.context.transaction.TransactionalTestExecutionListener@3b3f62d7] for test method [public void com.edu.VehicleManagementAppSpringBoot.testRepository.vehicleRepositoryTest.saveVehicleTest()] and test instance [com.edu.VehicleManagementAppSpringBoot.testRepository.vehicleRepositoryTest@3ac326c0]

org.springframework.transaction.UnexpectedRollbackException: Transaction silently rolled back because it has been marked as rollback-only
	at org.springframework.transaction.support.AbstractPlatformTransactionManager.processCommit(AbstractPlatformTransactionManager.java:752) ~[spring-tx-5.3.16.jar:5.3.16]
	at org.springframework.transaction.support.AbstractPlatformTransactionManager.commit(AbstractPlatformTransactionManager.java:711) ~[spring-tx-5.3.16.jar:5.3.16]
	at org.springframework.test.context.transaction.TransactionContext.endTransaction(TransactionContext.java:131) ~[spring-test-5.3.16.jar:5.3.16]
	at org.springframework.test.context.transaction.TransactionalTestExecutionListener.afterTestMethod(TransactionalTestExecutionListener.java:255) ~[spring-test-5.3.16.jar:5.3.16]
	at org.springframework.test.context.TestContextManager.afterTestMethod(TestContextManager.java:445) ~[spring-test-5.3.16.jar:5.3.16]
	at org.springframework.test.context.junit.jupiter.SpringExtension.afterEach(SpringExtension.java:206) ~[spring-test-5.3.16.jar:5.3.16]
	at org.junit.jupiter.engine.descriptor.TestMethodTestDescriptor.lambda$invokeAfterEachCallbacks$12(TestMethodTestDescriptor.java:257) ~[junit-jupiter-engine-5.8.2.jar:5.8.2]
	at org.junit.jupiter.engine.descriptor.TestMethodTestDescriptor.lambda$invokeAllAfterMethodsOrCallbacks$13(TestMethodTestDescriptor.java:273) ~[junit-jupiter-engine-5.8.2.jar:5.8.2]
	at org.junit.platform.engine.support.hierarchical.ThrowableCollector.execute(ThrowableCollector.java:73) ~[junit-platform-engine-1.8.2.jar:1.8.2]
	at org.junit.jupiter.engine.descriptor.TestMethodTestDescriptor.lambda$invokeAllAfterMethodsOrCallbacks$14(TestMethodTestDescriptor.java:273) ~[junit-jupiter-engine-5.8.2.jar:5.8.2]
	at java.base/java.util.ArrayList.forEach(ArrayList.java:1511) ~[na:na]
	at org.junit.jupiter.engine.descriptor.TestMethodTestDescriptor.invokeAllAfterMethodsOrCallbacks(TestMethodTestDescriptor.java:272) ~[junit-jupiter-engine-5.8.2.jar:5.8.2]
	at org.junit.jupiter.engine.descriptor.TestMethodTestDescriptor.invokeAfterEachCallbacks(TestMethodTestDescriptor.java:256) ~[junit-jupiter-engine-5.8.2.jar:5.8.2]
	at org.junit.jupiter.engine.descriptor.TestMethodTestDescriptor.execute(TestMethodTestDescriptor.java:141) ~[junit-jupiter-engine-5.8.2.jar:5.8.2]
	at org.junit.jupiter.engine.descriptor.TestMethodTestDescriptor.execute(TestMethodTestDescriptor.java:66) ~[junit-jupiter-engine-5.8.2.jar:5.8.2]
	at org.junit.platform.engine.support.hierarchical.NodeTestTask.lambda$executeRecursively$6(NodeTestTask.java:151) ~[junit-platform-engine-1.8.2.jar:1.8.2]
	at org.junit.platform.engine.support.hierarchical.ThrowableCollector.execute(ThrowableCollector.java:73) ~[junit-platform-engine-1.8.2.jar:1.8.2]
	at org.junit.platform.engine.support.hierarchical.NodeTestTask.lambda$executeRecursively$8(NodeTestTask.java:141) ~[junit-platform-engine-1.8.2.jar:1.8.2]
	at org.junit.platform.engine.support.hierarchical.Node.around(Node.java:137) ~[junit-platform-engine-1.8.2.jar:1.8.2]
	at org.junit.platform.engine.support.hierarchical.NodeTestTask.lambda$executeRecursively$9(NodeTestTask.java:139) ~[junit-platform-engine-1.8.2.jar:1.8.2]
	at org.junit.platform.engine.support.hierarchical.ThrowableCollector.execute(ThrowableCollector.java:73) ~[junit-platform-engine-1.8.2.jar:1.8.2]
	at org.junit.platform.engine.support.hierarchical.NodeTestTask.executeRecursively(NodeTestTask.java:138) ~[junit-platform-engine-1.8.2.jar:1.8.2]
	at org.junit.platform.engine.support.hierarchical.NodeTestTask.execute(NodeTestTask.java:95) ~[junit-platform-engine-1.8.2.jar:1.8.2]
	at java.base/java.util.ArrayList.forEach(ArrayList.java:1511) ~[na:na]
	at org.junit.platform.engine.support.hierarchical.SameThreadHierarchicalTestExecutorService.invokeAll(SameThreadHierarchicalTestExecutorService.java:41) ~[junit-platform-engine-1.8.2.jar:1.8.2]
	at org.junit.platform.engine.support.hierarchical.NodeTestTask.lambda$executeRecursively$6(NodeTestTask.java:155) ~[junit-platform-engine-1.8.2.jar:1.8.2]
	at org.junit.platform.engine.support.hierarchical.ThrowableCollector.execute(ThrowableCollector.java:73) ~[junit-platform-engine-1.8.2.jar:1.8.2]
	at org.junit.platform.engine.support.hierarchical.NodeTestTask.lambda$executeRecursively$8(NodeTestTask.java:141) ~[junit-platform-engine-1.8.2.jar:1.8.2]
	at org.junit.platform.engine.support.hierarchical.Node.around(Node.java:137) ~[junit-platform-engine-1.8.2.jar:1.8.2]
	at org.junit.platform.engine.support.hierarchical.NodeTestTask.lambda$executeRecursively$9(NodeTestTask.java:139) ~[junit-platform-engine-1.8.2.jar:1.8.2]
	at org.junit.platform.engine.support.hierarchical.ThrowableCollector.execute(ThrowableCollector.java:73) ~[junit-platform-engine-1.8.2.jar:1.8.2]
	at org.junit.platform.engine.support.hierarchical.NodeTestTask.executeRecursively(NodeTestTask.java:138) ~[junit-platform-engine-1.8.2.jar:1.8.2]
	at org.junit.platform.engine.support.hierarchical.NodeTestTask.execute(NodeTestTask.java:95) ~[junit-platform-engine-1.8.2.jar:1.8.2]
	at java.base/java.util.ArrayList.forEach(ArrayList.java:1511) ~[na:na]
	at org.junit.platform.engine.support.hierarchical.SameThreadHierarchicalTestExecutorService.invokeAll(SameThreadHierarchicalTestExecutorService.java:41) ~[junit-platform-engine-1.8.2.jar:1.8.2]
	at org.junit.platform.engine.support.hierarchical.NodeTestTask.lambda$executeRecursively$6(NodeTestTask.java:155) ~[junit-platform-engine-1.8.2.jar:1.8.2]
	at org.junit.platform.engine.support.hierarchical.ThrowableCollector.execute(ThrowableCollector.java:73) ~[junit-platform-engine-1.8.2.jar:1.8.2]
	at org.junit.platform.engine.support.hierarchical.NodeTestTask.lambda$executeRecursively$8(NodeTestTask.java:141) ~[junit-platform-engine-1.8.2.jar:1.8.2]
	at org.junit.platform.engine.support.hierarchical.Node.around(Node.java:137) ~[junit-platform-engine-1.8.2.jar:1.8.2]
	at org.junit.platform.engine.support.hierarchical.NodeTestTask.lambda$executeRecursively$9(NodeTestTask.java:139) ~[junit-platform-engine-1.8.2.jar:1.8.2]
	at org.junit.platform.engine.support.hierarchical.ThrowableCollector.execute(ThrowableCollector.java:73) ~[junit-platform-engine-1.8.2.jar:1.8.2]
	at org.junit.platform.engine.support.hierarchical.NodeTestTask.executeRecursively(NodeTestTask.java:138) ~[junit-platform-engine-1.8.2.jar:1.8.2]
	at org.junit.platform.engine.support.hierarchical.NodeTestTask.execute(NodeTestTask.java:95) ~[junit-platform-engine-1.8.2.jar:1.8.2]
	at org.junit.platform.engine.support.hierarchical.SameThreadHierarchicalTestExecutorService.submit(SameThreadHierarchicalTestExecutorService.java:35) ~[junit-platform-engine-1.8.2.jar:1.8.2]
	at org.junit.platform.engine.support.hierarchical.HierarchicalTestExecutor.execute(HierarchicalTestExecutor.java:57) ~[junit-platform-engine-1.8.2.jar:1.8.2]
	at org.junit.platform.engine.support.hierarchical.HierarchicalTestEngine.execute(HierarchicalTestEngine.java:54) ~[junit-platform-engine-1.8.2.jar:1.8.2]
	at org.junit.platform.launcher.core.DefaultLauncher.execute(DefaultLauncher.java:220) ~[junit-platform-launcher-1.3.1.jar:1.3.1]
	at org.junit.platform.launcher.core.DefaultLauncher.lambda$execute$6(DefaultLauncher.java:188) ~[junit-platform-launcher-1.3.1.jar:1.3.1]
	at org.junit.platform.launcher.core.DefaultLauncher.withInterceptedStreams(DefaultLauncher.java:202) ~[junit-platform-launcher-1.3.1.jar:1.3.1]
	at org.junit.platform.launcher.core.DefaultLauncher.execute(DefaultLauncher.java:181) ~[junit-platform-launcher-1.3.1.jar:1.3.1]
	at org.junit.platform.launcher.core.DefaultLauncher.execute(DefaultLauncher.java:128) ~[junit-platform-launcher-1.3.1.jar:1.3.1]
	at org.apache.maven.surefire.junitplatform.JUnitPlatformProvider.invokeAllTests(JUnitPlatformProvider.java:150) ~[surefire-junit-platform-2.22.2.jar:2.22.2]
	at org.apache.maven.surefire.junitplatform.JUnitPlatformProvider.invoke(JUnitPlatformProvider.java:124) ~[surefire-junit-platform-2.22.2.jar:2.22.2]
	at org.apache.maven.surefire.booter.ForkedBooter.invokeProviderInSameClassLoader(ForkedBooter.java:384) ~[surefire-booter-2.22.2.jar:2.22.2]
	at org.apache.maven.surefire.booter.ForkedBooter.runSuitesInProcess(ForkedBooter.java:345) ~[surefire-booter-2.22.2.jar:2.22.2]
	at org.apache.maven.surefire.booter.ForkedBooter.execute(ForkedBooter.java:126) ~[surefire-booter-2.22.2.jar:2.22.2]
	at org.apache.maven.surefire.booter.ForkedBooter.main(ForkedBooter.java:418) ~[surefire-booter-2.22.2.jar:2.22.2]

]]></system-out>
  </testcase>
</testsuite>